{"/Users/idmcalculus/Documents/Task Manager App/task-manager-api/index.js": {"path":"/Users/idmcalculus/Documents/Task Manager App/task-manager-api/index.js","statementMap":{"0":{"start":{"line":1,"column":0},"end":{"line":1,"column":27}},"1":{"start":{"line":2,"column":16},"end":{"line":2,"column":34}},"2":{"start":{"line":3,"column":12},"end":{"line":3,"column":21}},"3":{"start":{"line":4,"column":18},"end":{"line":4,"column":47}},"4":{"start":{"line":5,"column":13},"end":{"line":5,"column":28}},"5":{"start":{"line":6,"column":18},"end":{"line":6,"column":47}},"6":{"start":{"line":7,"column":15},"end":{"line":7,"column":32}},"7":{"start":{"line":8,"column":16},"end":{"line":8,"column":42}},"8":{"start":{"line":9,"column":19},"end":{"line":9,"column":43}},"9":{"start":{"line":11,"column":24},"end":{"line":11,"column":44}},"10":{"start":{"line":12,"column":26},"end":{"line":12,"column":58}},"11":{"start":{"line":13,"column":24},"end":{"line":13,"column":60}},"12":{"start":{"line":14,"column":24},"end":{"line":14,"column":54}},"13":{"start":{"line":15,"column":13},"end":{"line":15,"column":28}},"14":{"start":{"line":18,"column":19},"end":{"line":18,"column":44}},"15":{"start":{"line":19,"column":19},"end":{"line":19,"column":44}},"16":{"start":{"line":21,"column":23},"end":{"line":25,"column":2}},"17":{"start":{"line":27,"column":16},"end":{"line":27,"column":92}},"18":{"start":{"line":29,"column":23},"end":{"line":29,"column":91}},"19":{"start":{"line":31,"column":0},"end":{"line":31,"column":24}},"20":{"start":{"line":32,"column":0},"end":{"line":32,"column":26}},"21":{"start":{"line":33,"column":0},"end":{"line":43,"column":4}},"22":{"start":{"line":35,"column":8},"end":{"line":39,"column":9}},"23":{"start":{"line":36,"column":12},"end":{"line":36,"column":40}},"24":{"start":{"line":38,"column":12},"end":{"line":38,"column":66}},"25":{"start":{"line":45,"column":0},"end":{"line":45,"column":23}},"26":{"start":{"line":46,"column":0},"end":{"line":58,"column":4}},"27":{"start":{"line":61,"column":0},"end":{"line":61,"column":36}},"28":{"start":{"line":64,"column":0},"end":{"line":64,"column":33}},"29":{"start":{"line":65,"column":0},"end":{"line":65,"column":99}},"30":{"start":{"line":68,"column":0},"end":{"line":68,"column":37}},"31":{"start":{"line":69,"column":0},"end":{"line":69,"column":31}},"32":{"start":{"line":72,"column":0},"end":{"line":72,"column":21}},"33":{"start":{"line":74,"column":0},"end":{"line":76,"column":3}},"34":{"start":{"line":75,"column":4},"end":{"line":75,"column":28}},"35":{"start":{"line":78,"column":0},"end":{"line":80,"column":3}},"36":{"start":{"line":79,"column":4},"end":{"line":79,"column":61}},"37":{"start":{"line":83,"column":0},"end":{"line":95,"column":3}},"38":{"start":{"line":86,"column":4},"end":{"line":91,"column":5}},"39":{"start":{"line":87,"column":21},"end":{"line":87,"column":45}},"40":{"start":{"line":88,"column":8},"end":{"line":90,"column":11}},"41":{"start":{"line":89,"column":12},"end":{"line":89,"column":61}},"42":{"start":{"line":94,"column":4},"end":{"line":94,"column":55}},"43":{"start":{"line":97,"column":0},"end":{"line":97,"column":21}}},"fnMap":{"0":{"name":"(anonymous_0)","decl":{"start":{"line":34,"column":12},"end":{"line":34,"column":13}},"loc":{"start":{"line":34,"column":38},"end":{"line":40,"column":5}},"line":34},"1":{"name":"(anonymous_1)","decl":{"start":{"line":74,"column":16},"end":{"line":74,"column":17}},"loc":{"start":{"line":74,"column":30},"end":{"line":76,"column":1}},"line":74},"2":{"name":"(anonymous_2)","decl":{"start":{"line":78,"column":13},"end":{"line":78,"column":14}},"loc":{"start":{"line":78,"column":27},"end":{"line":80,"column":1}},"line":78},"3":{"name":"(anonymous_3)","decl":{"start":{"line":84,"column":6},"end":{"line":84,"column":7}},"loc":{"start":{"line":84,"column":12},"end":{"line":92,"column":1}},"line":84},"4":{"name":"(anonymous_4)","decl":{"start":{"line":88,"column":25},"end":{"line":88,"column":26}},"loc":{"start":{"line":88,"column":31},"end":{"line":90,"column":9}},"line":88},"5":{"name":"(anonymous_5)","decl":{"start":{"line":93,"column":7},"end":{"line":93,"column":8}},"loc":{"start":{"line":93,"column":16},"end":{"line":95,"column":1}},"line":93}},"branchMap":{"0":{"loc":{"start":{"line":35,"column":8},"end":{"line":39,"column":9}},"type":"if","locations":[{"start":{"line":35,"column":8},"end":{"line":39,"column":9}},{"start":{"line":37,"column":15},"end":{"line":39,"column":9}}],"line":35},"1":{"loc":{"start":{"line":35,"column":11},"end":{"line":35,"column":59}},"type":"binary-expr","locations":[{"start":{"line":35,"column":11},"end":{"line":35,"column":48}},{"start":{"line":35,"column":52},"end":{"line":35,"column":59}}],"line":35},"2":{"loc":{"start":{"line":86,"column":4},"end":{"line":91,"column":5}},"type":"if","locations":[{"start":{"line":86,"column":4},"end":{"line":91,"column":5}},{"start":{},"end":{}}],"line":86},"3":{"loc":{"start":{"line":87,"column":21},"end":{"line":87,"column":45}},"type":"binary-expr","locations":[{"start":{"line":87,"column":21},"end":{"line":87,"column":37}},{"start":{"line":87,"column":41},"end":{"line":87,"column":45}}],"line":87}},"s":{"0":3,"1":3,"2":3,"3":3,"4":3,"5":3,"6":3,"7":3,"8":3,"9":3,"10":3,"11":3,"12":3,"13":3,"14":3,"15":3,"16":3,"17":3,"18":3,"19":3,"20":3,"21":3,"22":83,"23":83,"24":0,"25":3,"26":3,"27":3,"28":3,"29":3,"30":3,"31":3,"32":3,"33":3,"34":0,"35":3,"36":0,"37":3,"38":3,"39":0,"40":0,"41":0,"42":0,"43":3},"f":{"0":83,"1":0,"2":0,"3":3,"4":0,"5":0},"b":{"0":[83,0],"1":[83,83],"2":[0,3],"3":[0,0]},"_coverageSchema":"1a1c01bbd47fc00a2c39e90264f33305004495a9","hash":"9927a0253b810abbe36e5f6aa6474549a47bdf49"}
,"/Users/idmcalculus/Documents/Task Manager App/task-manager-api/swagger.js": {"path":"/Users/idmcalculus/Documents/Task Manager App/task-manager-api/swagger.js","statementMap":{"0":{"start":{"line":1,"column":21},"end":{"line":1,"column":45}},"1":{"start":{"line":3,"column":16},"end":{"line":113,"column":1}},"2":{"start":{"line":115,"column":14},"end":{"line":115,"column":35}},"3":{"start":{"line":116,"column":0},"end":{"line":116,"column":23}}},"fnMap":{},"branchMap":{},"s":{"0":3,"1":3,"2":3,"3":3},"f":{},"b":{},"_coverageSchema":"1a1c01bbd47fc00a2c39e90264f33305004495a9","hash":"3e7857a41cc376db7ee2308414ac695f33ee89c2"}
,"/Users/idmcalculus/Documents/Task Manager App/task-manager-api/controllers/taskController.js": {"path":"/Users/idmcalculus/Documents/Task Manager App/task-manager-api/controllers/taskController.js","statementMap":{"0":{"start":{"line":1,"column":17},"end":{"line":1,"column":36}},"1":{"start":{"line":2,"column":13},"end":{"line":2,"column":38}},"2":{"start":{"line":3,"column":13},"end":{"line":3,"column":38}},"3":{"start":{"line":4,"column":25},"end":{"line":4,"column":62}},"4":{"start":{"line":5,"column":22},"end":{"line":5,"column":57}},"5":{"start":{"line":6,"column":24},"end":{"line":6,"column":55}},"6":{"start":{"line":8,"column":23},"end":{"line":8,"column":24}},"7":{"start":{"line":10,"column":0},"end":{"line":66,"column":2}},"8":{"start":{"line":11,"column":1},"end":{"line":65,"column":2}},"9":{"start":{"line":12,"column":43},"end":{"line":12,"column":52}},"10":{"start":{"line":14,"column":2},"end":{"line":14,"column":33}},"11":{"start":{"line":15,"column":15},"end":{"line":15,"column":42}},"12":{"start":{"line":17,"column":14},"end":{"line":17,"column":16}},"13":{"start":{"line":20,"column":2},"end":{"line":25,"column":3}},"14":{"start":{"line":21,"column":3},"end":{"line":24,"column":5}},"15":{"start":{"line":27,"column":2},"end":{"line":38,"column":3}},"16":{"start":{"line":28,"column":23},"end":{"line":33,"column":4}},"17":{"start":{"line":35,"column":3},"end":{"line":37,"column":16}},"18":{"start":{"line":40,"column":2},"end":{"line":42,"column":3}},"19":{"start":{"line":41,"column":3},"end":{"line":41,"column":25}},"20":{"start":{"line":44,"column":2},"end":{"line":46,"column":3}},"21":{"start":{"line":45,"column":3},"end":{"line":45,"column":29}},"22":{"start":{"line":48,"column":16},"end":{"line":54,"column":25}},"23":{"start":{"line":56,"column":25},"end":{"line":56,"column":52}},"24":{"start":{"line":58,"column":2},"end":{"line":62,"column":5}},"25":{"start":{"line":64,"column":2},"end":{"line":64,"column":65}},"26":{"start":{"line":68,"column":0},"end":{"line":84,"column":2}},"27":{"start":{"line":69,"column":1},"end":{"line":83,"column":2}},"28":{"start":{"line":70,"column":15},"end":{"line":74,"column":5}},"29":{"start":{"line":76,"column":2},"end":{"line":78,"column":3}},"30":{"start":{"line":77,"column":3},"end":{"line":77,"column":56}},"31":{"start":{"line":80,"column":2},"end":{"line":80,"column":29}},"32":{"start":{"line":82,"column":2},"end":{"line":82,"column":64}},"33":{"start":{"line":86,"column":0},"end":{"line":133,"column":2}},"34":{"start":{"line":87,"column":1},"end":{"line":132,"column":2}},"35":{"start":{"line":88,"column":2},"end":{"line":88,"column":24}},"36":{"start":{"line":89,"column":41},"end":{"line":89,"column":49}},"37":{"start":{"line":91,"column":2},"end":{"line":93,"column":3}},"38":{"start":{"line":92,"column":3},"end":{"line":92,"column":79}},"39":{"start":{"line":95,"column":2},"end":{"line":97,"column":3}},"40":{"start":{"line":96,"column":3},"end":{"line":96,"column":111}},"41":{"start":{"line":99,"column":2},"end":{"line":104,"column":3}},"42":{"start":{"line":100,"column":16},"end":{"line":100,"column":47}},"43":{"start":{"line":101,"column":3},"end":{"line":103,"column":4}},"44":{"start":{"line":102,"column":4},"end":{"line":102,"column":66}},"45":{"start":{"line":106,"column":25},"end":{"line":106,"column":65}},"46":{"start":{"line":108,"column":18},"end":{"line":113,"column":4}},"47":{"start":{"line":115,"column":15},"end":{"line":115,"column":35}},"48":{"start":{"line":118,"column":2},"end":{"line":126,"column":3}},"49":{"start":{"line":119,"column":16},"end":{"line":119,"column":52}},"50":{"start":{"line":120,"column":3},"end":{"line":125,"column":5}},"51":{"start":{"line":128,"column":2},"end":{"line":128,"column":32}},"52":{"start":{"line":130,"column":2},"end":{"line":130,"column":23}},"53":{"start":{"line":131,"column":2},"end":{"line":131,"column":62}},"54":{"start":{"line":135,"column":0},"end":{"line":203,"column":2}},"55":{"start":{"line":136,"column":1},"end":{"line":202,"column":2}},"56":{"start":{"line":137,"column":15},"end":{"line":137,"column":58}},"57":{"start":{"line":139,"column":2},"end":{"line":141,"column":3}},"58":{"start":{"line":140,"column":3},"end":{"line":140,"column":56}},"59":{"start":{"line":143,"column":72},"end":{"line":143,"column":80}},"60":{"start":{"line":145,"column":2},"end":{"line":145,"column":32}},"61":{"start":{"line":145,"column":13},"end":{"line":145,"column":32}},"62":{"start":{"line":146,"column":2},"end":{"line":146,"column":50}},"63":{"start":{"line":146,"column":19},"end":{"line":146,"column":50}},"64":{"start":{"line":147,"column":2},"end":{"line":147,"column":38}},"65":{"start":{"line":147,"column":15},"end":{"line":147,"column":38}},"66":{"start":{"line":148,"column":2},"end":{"line":148,"column":41}},"67":{"start":{"line":148,"column":16},"end":{"line":148,"column":41}},"68":{"start":{"line":150,"column":27},"end":{"line":150,"column":32}},"69":{"start":{"line":151,"column":24},"end":{"line":151,"column":29}},"70":{"start":{"line":153,"column":29},"end":{"line":153,"column":68}},"71":{"start":{"line":156,"column":2},"end":{"line":163,"column":3}},"72":{"start":{"line":157,"column":16},"end":{"line":157,"column":47}},"73":{"start":{"line":158,"column":3},"end":{"line":160,"column":4}},"74":{"start":{"line":159,"column":4},"end":{"line":159,"column":66}},"75":{"start":{"line":161,"column":3},"end":{"line":161,"column":40}},"76":{"start":{"line":162,"column":3},"end":{"line":162,"column":29}},"77":{"start":{"line":166,"column":2},"end":{"line":171,"column":3}},"78":{"start":{"line":167,"column":3},"end":{"line":167,"column":24}},"79":{"start":{"line":168,"column":3},"end":{"line":170,"column":4}},"80":{"start":{"line":169,"column":4},"end":{"line":169,"column":27}},"81":{"start":{"line":173,"column":2},"end":{"line":175,"column":3}},"82":{"start":{"line":174,"column":3},"end":{"line":174,"column":39}},"83":{"start":{"line":177,"column":2},"end":{"line":177,"column":20}},"84":{"start":{"line":179,"column":2},"end":{"line":187,"column":3}},"85":{"start":{"line":180,"column":16},"end":{"line":180,"column":52}},"86":{"start":{"line":181,"column":3},"end":{"line":186,"column":5}},"87":{"start":{"line":189,"column":2},"end":{"line":196,"column":3}},"88":{"start":{"line":190,"column":16},"end":{"line":190,"column":52}},"89":{"start":{"line":191,"column":3},"end":{"line":195,"column":5}},"90":{"start":{"line":198,"column":2},"end":{"line":198,"column":29}},"91":{"start":{"line":200,"column":2},"end":{"line":200,"column":23}},"92":{"start":{"line":201,"column":2},"end":{"line":201,"column":62}},"93":{"start":{"line":205,"column":23},"end":{"line":205,"column":46}},"94":{"start":{"line":207,"column":0},"end":{"line":226,"column":2}},"95":{"start":{"line":208,"column":1},"end":{"line":225,"column":2}},"96":{"start":{"line":210,"column":15},"end":{"line":210,"column":49}},"97":{"start":{"line":211,"column":2},"end":{"line":213,"column":3}},"98":{"start":{"line":212,"column":3},"end":{"line":212,"column":56}},"99":{"start":{"line":216,"column":2},"end":{"line":218,"column":3}},"100":{"start":{"line":217,"column":3},"end":{"line":217,"column":37}},"101":{"start":{"line":221,"column":2},"end":{"line":221,"column":46}},"102":{"start":{"line":222,"column":2},"end":{"line":222,"column":65}},"103":{"start":{"line":224,"column":2},"end":{"line":224,"column":62}}},"fnMap":{"0":{"name":"(anonymous_0)","decl":{"start":{"line":10,"column":19},"end":{"line":10,"column":20}},"loc":{"start":{"line":10,"column":45},"end":{"line":66,"column":1}},"line":10},"1":{"name":"(anonymous_1)","decl":{"start":{"line":68,"column":22},"end":{"line":68,"column":23}},"loc":{"start":{"line":68,"column":48},"end":{"line":84,"column":1}},"line":68},"2":{"name":"(anonymous_2)","decl":{"start":{"line":86,"column":21},"end":{"line":86,"column":22}},"loc":{"start":{"line":86,"column":47},"end":{"line":133,"column":1}},"line":86},"3":{"name":"(anonymous_3)","decl":{"start":{"line":135,"column":21},"end":{"line":135,"column":22}},"loc":{"start":{"line":135,"column":47},"end":{"line":203,"column":1}},"line":135},"4":{"name":"(anonymous_4)","decl":{"start":{"line":207,"column":21},"end":{"line":207,"column":22}},"loc":{"start":{"line":207,"column":47},"end":{"line":226,"column":1}},"line":207}},"branchMap":{"0":{"loc":{"start":{"line":14,"column":9},"end":{"line":14,"column":32}},"type":"cond-expr","locations":[{"start":{"line":14,"column":16},"end":{"line":14,"column":28}},{"start":{"line":14,"column":31},"end":{"line":14,"column":32}}],"line":14},"1":{"loc":{"start":{"line":20,"column":2},"end":{"line":25,"column":3}},"type":"if","locations":[{"start":{"line":20,"column":2},"end":{"line":25,"column":3}},{"start":{},"end":{}}],"line":20},"2":{"loc":{"start":{"line":27,"column":2},"end":{"line":38,"column":3}},"type":"if","locations":[{"start":{"line":27,"column":2},"end":{"line":38,"column":3}},{"start":{},"end":{}}],"line":27},"3":{"loc":{"start":{"line":35,"column":11},"end":{"line":37,"column":15}},"type":"cond-expr","locations":[{"start":{"line":36,"column":4},"end":{"line":36,"column":34}},{"start":{"line":37,"column":4},"end":{"line":37,"column":15}}],"line":35},"4":{"loc":{"start":{"line":40,"column":2},"end":{"line":42,"column":3}},"type":"if","locations":[{"start":{"line":40,"column":2},"end":{"line":42,"column":3}},{"start":{},"end":{}}],"line":40},"5":{"loc":{"start":{"line":44,"column":2},"end":{"line":46,"column":3}},"type":"if","locations":[{"start":{"line":44,"column":2},"end":{"line":46,"column":3}},{"start":{},"end":{}}],"line":44},"6":{"loc":{"start":{"line":76,"column":2},"end":{"line":78,"column":3}},"type":"if","locations":[{"start":{"line":76,"column":2},"end":{"line":78,"column":3}},{"start":{},"end":{}}],"line":76},"7":{"loc":{"start":{"line":91,"column":2},"end":{"line":93,"column":3}},"type":"if","locations":[{"start":{"line":91,"column":2},"end":{"line":93,"column":3}},{"start":{},"end":{}}],"line":91},"8":{"loc":{"start":{"line":91,"column":6},"end":{"line":91,"column":24}},"type":"binary-expr","locations":[{"start":{"line":91,"column":6},"end":{"line":91,"column":12}},{"start":{"line":91,"column":16},"end":{"line":91,"column":24}}],"line":91},"9":{"loc":{"start":{"line":95,"column":2},"end":{"line":97,"column":3}},"type":"if","locations":[{"start":{"line":95,"column":2},"end":{"line":97,"column":3}},{"start":{},"end":{}}],"line":95},"10":{"loc":{"start":{"line":99,"column":2},"end":{"line":104,"column":3}},"type":"if","locations":[{"start":{"line":99,"column":2},"end":{"line":104,"column":3}},{"start":{},"end":{}}],"line":99},"11":{"loc":{"start":{"line":99,"column":6},"end":{"line":99,"column":41}},"type":"binary-expr","locations":[{"start":{"line":99,"column":6},"end":{"line":99,"column":16}},{"start":{"line":99,"column":20},"end":{"line":99,"column":41}}],"line":99},"12":{"loc":{"start":{"line":101,"column":3},"end":{"line":103,"column":4}},"type":"if","locations":[{"start":{"line":101,"column":3},"end":{"line":103,"column":4}},{"start":{},"end":{}}],"line":101},"13":{"loc":{"start":{"line":110,"column":15},"end":{"line":110,"column":55}},"type":"cond-expr","locations":[{"start":{"line":110,"column":26},"end":{"line":110,"column":43}},{"start":{"line":110,"column":46},"end":{"line":110,"column":55}}],"line":110},"14":{"loc":{"start":{"line":112,"column":15},"end":{"line":112,"column":109}},"type":"cond-expr","locations":[{"start":{"line":112,"column":53},"end":{"line":112,"column":92}},{"start":{"line":112,"column":95},"end":{"line":112,"column":109}}],"line":112},"15":{"loc":{"start":{"line":112,"column":15},"end":{"line":112,"column":50}},"type":"binary-expr","locations":[{"start":{"line":112,"column":15},"end":{"line":112,"column":25}},{"start":{"line":112,"column":29},"end":{"line":112,"column":50}}],"line":112},"16":{"loc":{"start":{"line":118,"column":2},"end":{"line":126,"column":3}},"type":"if","locations":[{"start":{"line":118,"column":2},"end":{"line":126,"column":3}},{"start":{},"end":{}}],"line":118},"17":{"loc":{"start":{"line":139,"column":2},"end":{"line":141,"column":3}},"type":"if","locations":[{"start":{"line":139,"column":2},"end":{"line":141,"column":3}},{"start":{},"end":{}}],"line":139},"18":{"loc":{"start":{"line":145,"column":2},"end":{"line":145,"column":32}},"type":"if","locations":[{"start":{"line":145,"column":2},"end":{"line":145,"column":32}},{"start":{},"end":{}}],"line":145},"19":{"loc":{"start":{"line":146,"column":2},"end":{"line":146,"column":50}},"type":"if","locations":[{"start":{"line":146,"column":2},"end":{"line":146,"column":50}},{"start":{},"end":{}}],"line":146},"20":{"loc":{"start":{"line":147,"column":2},"end":{"line":147,"column":38}},"type":"if","locations":[{"start":{"line":147,"column":2},"end":{"line":147,"column":38}},{"start":{},"end":{}}],"line":147},"21":{"loc":{"start":{"line":148,"column":2},"end":{"line":148,"column":41}},"type":"if","locations":[{"start":{"line":148,"column":2},"end":{"line":148,"column":41}},{"start":{},"end":{}}],"line":148},"22":{"loc":{"start":{"line":156,"column":2},"end":{"line":163,"column":3}},"type":"if","locations":[{"start":{"line":156,"column":2},"end":{"line":163,"column":3}},{"start":{},"end":{}}],"line":156},"23":{"loc":{"start":{"line":156,"column":6},"end":{"line":156,"column":88}},"type":"binary-expr","locations":[{"start":{"line":156,"column":6},"end":{"line":156,"column":16}},{"start":{"line":156,"column":20},"end":{"line":156,"column":41}},{"start":{"line":156,"column":45},"end":{"line":156,"column":88}}],"line":156},"24":{"loc":{"start":{"line":158,"column":3},"end":{"line":160,"column":4}},"type":"if","locations":[{"start":{"line":158,"column":3},"end":{"line":160,"column":4}},{"start":{},"end":{}}],"line":158},"25":{"loc":{"start":{"line":166,"column":2},"end":{"line":171,"column":3}},"type":"if","locations":[{"start":{"line":166,"column":2},"end":{"line":171,"column":3}},{"start":{},"end":{}}],"line":166},"26":{"loc":{"start":{"line":166,"column":6},"end":{"line":166,"column":38}},"type":"binary-expr","locations":[{"start":{"line":166,"column":6},"end":{"line":166,"column":12}},{"start":{"line":166,"column":16},"end":{"line":166,"column":38}}],"line":166},"27":{"loc":{"start":{"line":168,"column":3},"end":{"line":170,"column":4}},"type":"if","locations":[{"start":{"line":168,"column":3},"end":{"line":170,"column":4}},{"start":{},"end":{}}],"line":168},"28":{"loc":{"start":{"line":173,"column":2},"end":{"line":175,"column":3}},"type":"if","locations":[{"start":{"line":173,"column":2},"end":{"line":175,"column":3}},{"start":{},"end":{}}],"line":173},"29":{"loc":{"start":{"line":179,"column":2},"end":{"line":187,"column":3}},"type":"if","locations":[{"start":{"line":179,"column":2},"end":{"line":187,"column":3}},{"start":{},"end":{}}],"line":179},"30":{"loc":{"start":{"line":189,"column":2},"end":{"line":196,"column":3}},"type":"if","locations":[{"start":{"line":189,"column":2},"end":{"line":196,"column":3}},{"start":{},"end":{}}],"line":189},"31":{"loc":{"start":{"line":211,"column":2},"end":{"line":213,"column":3}},"type":"if","locations":[{"start":{"line":211,"column":2},"end":{"line":213,"column":3}},{"start":{},"end":{}}],"line":211},"32":{"loc":{"start":{"line":216,"column":2},"end":{"line":218,"column":3}},"type":"if","locations":[{"start":{"line":216,"column":2},"end":{"line":218,"column":3}},{"start":{},"end":{}}],"line":216}},"s":{"0":3,"1":3,"2":3,"3":3,"4":3,"5":3,"6":3,"7":3,"8":8,"9":8,"10":8,"11":8,"12":8,"13":8,"14":8,"15":8,"16":1,"17":1,"18":8,"19":2,"20":8,"21":0,"22":8,"23":8,"24":8,"25":0,"26":3,"27":2,"28":2,"29":2,"30":0,"31":2,"32":0,"33":3,"34":0,"35":0,"36":0,"37":0,"38":0,"39":0,"40":0,"41":0,"42":0,"43":0,"44":0,"45":0,"46":0,"47":0,"48":0,"49":0,"50":0,"51":0,"52":0,"53":0,"54":3,"55":0,"56":0,"57":0,"58":0,"59":0,"60":0,"61":0,"62":0,"63":0,"64":0,"65":0,"66":0,"67":0,"68":0,"69":0,"70":0,"71":0,"72":0,"73":0,"74":0,"75":0,"76":0,"77":0,"78":0,"79":0,"80":0,"81":0,"82":0,"83":0,"84":0,"85":0,"86":0,"87":0,"88":0,"89":0,"90":0,"91":0,"92":0,"93":3,"94":3,"95":0,"96":0,"97":0,"98":0,"99":0,"100":0,"101":0,"102":0,"103":0},"f":{"0":8,"1":2,"2":0,"3":0,"4":0},"b":{"0":[0,8],"1":[8,0],"2":[1,7],"3":[1,0],"4":[2,6],"5":[0,8],"6":[0,2],"7":[0,0],"8":[0,0],"9":[0,0],"10":[0,0],"11":[0,0],"12":[0,0],"13":[0,0],"14":[0,0],"15":[0,0],"16":[0,0],"17":[0,0],"18":[0,0],"19":[0,0],"20":[0,0],"21":[0,0],"22":[0,0],"23":[0,0,0],"24":[0,0],"25":[0,0],"26":[0,0],"27":[0,0],"28":[0,0],"29":[0,0],"30":[0,0],"31":[0,0],"32":[0,0]},"_coverageSchema":"1a1c01bbd47fc00a2c39e90264f33305004495a9","hash":"e936d7db48740caebe0fef70044c8d0731ac2dd9"}
,"/Users/idmcalculus/Documents/Task Manager App/task-manager-api/controllers/userController.js": {"path":"/Users/idmcalculus/Documents/Task Manager App/task-manager-api/controllers/userController.js","statementMap":{"0":{"start":{"line":1,"column":12},"end":{"line":1,"column":35}},"1":{"start":{"line":2,"column":15},"end":{"line":2,"column":34}},"2":{"start":{"line":3,"column":13},"end":{"line":3,"column":38}},"3":{"start":{"line":4,"column":25},"end":{"line":4,"column":62}},"4":{"start":{"line":8,"column":1},"end":{"line":8,"column":41}},"5":{"start":{"line":13,"column":15},"end":{"line":13,"column":43}},"6":{"start":{"line":14,"column":1},"end":{"line":14,"column":26}},"7":{"start":{"line":17,"column":0},"end":{"line":65,"column":2}},"8":{"start":{"line":18,"column":1},"end":{"line":64,"column":2}},"9":{"start":{"line":19,"column":40},"end":{"line":19,"column":48}},"10":{"start":{"line":21,"column":2},"end":{"line":23,"column":3}},"11":{"start":{"line":22,"column":3},"end":{"line":22,"column":62}},"12":{"start":{"line":25,"column":2},"end":{"line":27,"column":3}},"13":{"start":{"line":26,"column":3},"end":{"line":26,"column":76}},"14":{"start":{"line":29,"column":2},"end":{"line":31,"column":3}},"15":{"start":{"line":30,"column":3},"end":{"line":30,"column":62}},"16":{"start":{"line":33,"column":2},"end":{"line":35,"column":3}},"17":{"start":{"line":34,"column":3},"end":{"line":34,"column":62}},"18":{"start":{"line":37,"column":26},"end":{"line":37,"column":41}},"19":{"start":{"line":38,"column":21},"end":{"line":38,"column":47}},"20":{"start":{"line":40,"column":23},"end":{"line":42,"column":4}},"21":{"start":{"line":44,"column":2},"end":{"line":46,"column":3}},"22":{"start":{"line":45,"column":3},"end":{"line":45,"column":61}},"23":{"start":{"line":48,"column":18},"end":{"line":52,"column":4}},"24":{"start":{"line":54,"column":2},"end":{"line":54,"column":23}},"25":{"start":{"line":57,"column":2},"end":{"line":61,"column":5}},"26":{"start":{"line":63,"column":2},"end":{"line":63,"column":85}},"27":{"start":{"line":67,"column":0},"end":{"line":119,"column":2}},"28":{"start":{"line":68,"column":1},"end":{"line":118,"column":2}},"29":{"start":{"line":69,"column":28},"end":{"line":69,"column":36}},"30":{"start":{"line":71,"column":2},"end":{"line":73,"column":3}},"31":{"start":{"line":72,"column":3},"end":{"line":72,"column":76}},"32":{"start":{"line":75,"column":2},"end":{"line":75,"column":37}},"33":{"start":{"line":77,"column":15},"end":{"line":77,"column":44}},"34":{"start":{"line":79,"column":2},"end":{"line":81,"column":3}},"35":{"start":{"line":80,"column":3},"end":{"line":80,"column":56}},"36":{"start":{"line":83,"column":26},"end":{"line":83,"column":71}},"37":{"start":{"line":85,"column":2},"end":{"line":87,"column":3}},"38":{"start":{"line":86,"column":3},"end":{"line":86,"column":61}},"39":{"start":{"line":91,"column":16},"end":{"line":95,"column":3}},"40":{"start":{"line":97,"column":2},"end":{"line":102,"column":4}},"41":{"start":{"line":105,"column":8},"end":{"line":114,"column":11}},"42":{"start":{"line":116,"column":2},"end":{"line":116,"column":23}},"43":{"start":{"line":117,"column":2},"end":{"line":117,"column":85}},"44":{"start":{"line":121,"column":0},"end":{"line":134,"column":2}},"45":{"start":{"line":122,"column":1},"end":{"line":133,"column":2}},"46":{"start":{"line":123,"column":15},"end":{"line":123,"column":37}},"47":{"start":{"line":125,"column":2},"end":{"line":129,"column":3}},"48":{"start":{"line":126,"column":3},"end":{"line":126,"column":30}},"49":{"start":{"line":128,"column":3},"end":{"line":128,"column":59}},"50":{"start":{"line":131,"column":2},"end":{"line":131,"column":23}},"51":{"start":{"line":132,"column":2},"end":{"line":132,"column":85}},"52":{"start":{"line":136,"column":0},"end":{"line":145,"column":1}},"53":{"start":{"line":137,"column":1},"end":{"line":144,"column":2}},"54":{"start":{"line":138,"column":2},"end":{"line":138,"column":24}},"55":{"start":{"line":139,"column":2},"end":{"line":139,"column":25}},"56":{"start":{"line":140,"column":2},"end":{"line":140,"column":33}},"57":{"start":{"line":141,"column":2},"end":{"line":141,"column":50}},"58":{"start":{"line":143,"column":2},"end":{"line":143,"column":85}},"59":{"start":{"line":147,"column":0},"end":{"line":165,"column":2}},"60":{"start":{"line":148,"column":1},"end":{"line":164,"column":2}},"61":{"start":{"line":149,"column":16},"end":{"line":149,"column":31}},"62":{"start":{"line":150,"column":16},"end":{"line":155,"column":4}},"63":{"start":{"line":157,"column":2},"end":{"line":159,"column":3}},"64":{"start":{"line":158,"column":3},"end":{"line":158,"column":57}},"65":{"start":{"line":161,"column":2},"end":{"line":161,"column":18}},"66":{"start":{"line":163,"column":2},"end":{"line":163,"column":85}}},"fnMap":{"0":{"name":"isStrongPassword","decl":{"start":{"line":7,"column":9},"end":{"line":7,"column":25}},"loc":{"start":{"line":7,"column":36},"end":{"line":9,"column":1}},"line":7},"1":{"name":"isValidEmailFormat","decl":{"start":{"line":12,"column":9},"end":{"line":12,"column":27}},"loc":{"start":{"line":12,"column":35},"end":{"line":15,"column":1}},"line":12},"2":{"name":"(anonymous_2)","decl":{"start":{"line":17,"column":19},"end":{"line":17,"column":20}},"loc":{"start":{"line":17,"column":45},"end":{"line":65,"column":1}},"line":17},"3":{"name":"(anonymous_3)","decl":{"start":{"line":67,"column":16},"end":{"line":67,"column":17}},"loc":{"start":{"line":67,"column":42},"end":{"line":119,"column":1}},"line":67},"4":{"name":"(anonymous_4)","decl":{"start":{"line":121,"column":23},"end":{"line":121,"column":24}},"loc":{"start":{"line":121,"column":49},"end":{"line":134,"column":1}},"line":121},"5":{"name":"(anonymous_5)","decl":{"start":{"line":136,"column":17},"end":{"line":136,"column":18}},"loc":{"start":{"line":136,"column":43},"end":{"line":145,"column":1}},"line":136},"6":{"name":"(anonymous_6)","decl":{"start":{"line":147,"column":19},"end":{"line":147,"column":20}},"loc":{"start":{"line":147,"column":45},"end":{"line":165,"column":1}},"line":147}},"branchMap":{"0":{"loc":{"start":{"line":8,"column":8},"end":{"line":8,"column":40}},"type":"binary-expr","locations":[{"start":{"line":8,"column":8},"end":{"line":8,"column":16}},{"start":{"line":8,"column":20},"end":{"line":8,"column":40}}],"line":8},"1":{"loc":{"start":{"line":21,"column":2},"end":{"line":23,"column":3}},"type":"if","locations":[{"start":{"line":21,"column":2},"end":{"line":23,"column":3}},{"start":{},"end":{}}],"line":21},"2":{"loc":{"start":{"line":25,"column":2},"end":{"line":27,"column":3}},"type":"if","locations":[{"start":{"line":25,"column":2},"end":{"line":27,"column":3}},{"start":{},"end":{}}],"line":25},"3":{"loc":{"start":{"line":25,"column":6},"end":{"line":25,"column":25}},"type":"binary-expr","locations":[{"start":{"line":25,"column":6},"end":{"line":25,"column":12}},{"start":{"line":25,"column":16},"end":{"line":25,"column":25}}],"line":25},"4":{"loc":{"start":{"line":29,"column":2},"end":{"line":31,"column":3}},"type":"if","locations":[{"start":{"line":29,"column":2},"end":{"line":31,"column":3}},{"start":{},"end":{}}],"line":29},"5":{"loc":{"start":{"line":33,"column":2},"end":{"line":35,"column":3}},"type":"if","locations":[{"start":{"line":33,"column":2},"end":{"line":35,"column":3}},{"start":{},"end":{}}],"line":33},"6":{"loc":{"start":{"line":44,"column":2},"end":{"line":46,"column":3}},"type":"if","locations":[{"start":{"line":44,"column":2},"end":{"line":46,"column":3}},{"start":{},"end":{}}],"line":44},"7":{"loc":{"start":{"line":71,"column":2},"end":{"line":73,"column":3}},"type":"if","locations":[{"start":{"line":71,"column":2},"end":{"line":73,"column":3}},{"start":{},"end":{}}],"line":71},"8":{"loc":{"start":{"line":71,"column":6},"end":{"line":71,"column":25}},"type":"binary-expr","locations":[{"start":{"line":71,"column":6},"end":{"line":71,"column":12}},{"start":{"line":71,"column":16},"end":{"line":71,"column":25}}],"line":71},"9":{"loc":{"start":{"line":79,"column":2},"end":{"line":81,"column":3}},"type":"if","locations":[{"start":{"line":79,"column":2},"end":{"line":81,"column":3}},{"start":{},"end":{}}],"line":79},"10":{"loc":{"start":{"line":85,"column":2},"end":{"line":87,"column":3}},"type":"if","locations":[{"start":{"line":85,"column":2},"end":{"line":87,"column":3}},{"start":{},"end":{}}],"line":85},"11":{"loc":{"start":{"line":125,"column":2},"end":{"line":129,"column":3}},"type":"if","locations":[{"start":{"line":125,"column":2},"end":{"line":129,"column":3}},{"start":{"line":127,"column":9},"end":{"line":129,"column":3}}],"line":125},"12":{"loc":{"start":{"line":157,"column":2},"end":{"line":159,"column":3}},"type":"if","locations":[{"start":{"line":157,"column":2},"end":{"line":159,"column":3}},{"start":{},"end":{}}],"line":157}},"s":{"0":3,"1":3,"2":3,"3":3,"4":8,"5":8,"6":8,"7":3,"8":8,"9":8,"10":8,"11":0,"12":8,"13":0,"14":8,"15":0,"16":8,"17":0,"18":8,"19":8,"20":8,"21":8,"22":1,"23":7,"24":7,"25":7,"26":0,"27":3,"28":9,"29":9,"30":9,"31":0,"32":9,"33":9,"34":9,"35":1,"36":8,"37":8,"38":1,"39":7,"40":7,"41":7,"42":0,"43":0,"44":3,"45":4,"46":4,"47":4,"48":2,"49":2,"50":0,"51":0,"52":3,"53":1,"54":1,"55":1,"56":1,"57":1,"58":0,"59":3,"60":1,"61":1,"62":1,"63":1,"64":0,"65":1,"66":0},"f":{"0":8,"1":8,"2":8,"3":9,"4":4,"5":1,"6":1},"b":{"0":[8,8],"1":[0,8],"2":[0,8],"3":[8,8],"4":[0,8],"5":[0,8],"6":[1,7],"7":[0,9],"8":[9,9],"9":[1,8],"10":[1,7],"11":[2,2],"12":[0,1]},"_coverageSchema":"1a1c01bbd47fc00a2c39e90264f33305004495a9","hash":"3a84f6763fdc86179d2c6c6db1527380bfd9fc5b"}
,"/Users/idmcalculus/Documents/Task Manager App/task-manager-api/database/connection.js": {"path":"/Users/idmcalculus/Documents/Task Manager App/task-manager-api/database/connection.js","statementMap":{"0":{"start":{"line":1,"column":17},"end":{"line":1,"column":36}},"1":{"start":{"line":2,"column":15},"end":{"line":2,"column":32}},"2":{"start":{"line":4,"column":0},"end":{"line":4,"column":16}},"3":{"start":{"line":6,"column":26},"end":{"line":13,"column":1}},"4":{"start":{"line":7,"column":2},"end":{"line":12,"column":3}},"5":{"start":{"line":8,"column":4},"end":{"line":8,"column":52}},"6":{"start":{"line":9,"column":4},"end":{"line":9,"column":40}},"7":{"start":{"line":11,"column":4},"end":{"line":11,"column":55}},"8":{"start":{"line":15,"column":0},"end":{"line":15,"column":35}}},"fnMap":{"0":{"name":"(anonymous_0)","decl":{"start":{"line":6,"column":26},"end":{"line":6,"column":27}},"loc":{"start":{"line":6,"column":38},"end":{"line":13,"column":1}},"line":6}},"branchMap":{},"s":{"0":3,"1":3,"2":3,"3":3,"4":3,"5":3,"6":3,"7":0,"8":3},"f":{"0":3},"b":{},"_coverageSchema":"1a1c01bbd47fc00a2c39e90264f33305004495a9","hash":"db42aa46969d313172621908bf462e090f7704f7"}
,"/Users/idmcalculus/Documents/Task Manager App/task-manager-api/middleware/authMiddleware.js": {"path":"/Users/idmcalculus/Documents/Task Manager App/task-manager-api/middleware/authMiddleware.js","statementMap":{"0":{"start":{"line":1,"column":12},"end":{"line":1,"column":35}},"1":{"start":{"line":2,"column":25},"end":{"line":2,"column":62}},"2":{"start":{"line":3,"column":13},"end":{"line":3,"column":38}},"3":{"start":{"line":5,"column":0},"end":{"line":27,"column":2}},"4":{"start":{"line":6,"column":1},"end":{"line":26,"column":2}},"5":{"start":{"line":8,"column":2},"end":{"line":11,"column":3}},"6":{"start":{"line":9,"column":3},"end":{"line":9,"column":31}},"7":{"start":{"line":10,"column":3},"end":{"line":10,"column":17}},"8":{"start":{"line":14,"column":23},"end":{"line":14,"column":82}},"9":{"start":{"line":15,"column":2},"end":{"line":17,"column":3}},"10":{"start":{"line":16,"column":3},"end":{"line":16,"column":65}},"11":{"start":{"line":19,"column":16},"end":{"line":19,"column":42}},"12":{"start":{"line":20,"column":18},"end":{"line":20,"column":59}},"13":{"start":{"line":22,"column":2},"end":{"line":22,"column":26}},"14":{"start":{"line":23,"column":2},"end":{"line":23,"column":9}},"15":{"start":{"line":25,"column":2},"end":{"line":25,"column":63}},"16":{"start":{"line":30,"column":0},"end":{"line":35,"column":2}},"17":{"start":{"line":31,"column":1},"end":{"line":33,"column":2}},"18":{"start":{"line":32,"column":2},"end":{"line":32,"column":62}},"19":{"start":{"line":34,"column":1},"end":{"line":34,"column":8}},"20":{"start":{"line":38,"column":0},"end":{"line":71,"column":2}},"21":{"start":{"line":39,"column":1},"end":{"line":70,"column":2}},"22":{"start":{"line":41,"column":2},"end":{"line":43,"column":3}},"23":{"start":{"line":42,"column":3},"end":{"line":42,"column":17}},"24":{"start":{"line":46,"column":2},"end":{"line":48,"column":3}},"25":{"start":{"line":47,"column":3},"end":{"line":47,"column":17}},"26":{"start":{"line":51,"column":17},"end":{"line":51,"column":30}},"27":{"start":{"line":52,"column":2},"end":{"line":55,"column":3}},"28":{"start":{"line":54,"column":3},"end":{"line":54,"column":17}},"29":{"start":{"line":57,"column":15},"end":{"line":57,"column":42}},"30":{"start":{"line":58,"column":2},"end":{"line":60,"column":3}},"31":{"start":{"line":59,"column":3},"end":{"line":59,"column":56}},"32":{"start":{"line":62,"column":2},"end":{"line":65,"column":3}},"33":{"start":{"line":64,"column":3},"end":{"line":64,"column":17}},"34":{"start":{"line":67,"column":2},"end":{"line":67,"column":75}},"35":{"start":{"line":69,"column":2},"end":{"line":69,"column":67}}},"fnMap":{"0":{"name":"(anonymous_0)","decl":{"start":{"line":5,"column":20},"end":{"line":5,"column":21}},"loc":{"start":{"line":5,"column":40},"end":{"line":27,"column":1}},"line":5},"1":{"name":"(anonymous_1)","decl":{"start":{"line":30,"column":18},"end":{"line":30,"column":19}},"loc":{"start":{"line":30,"column":38},"end":{"line":35,"column":1}},"line":30},"2":{"name":"(anonymous_2)","decl":{"start":{"line":38,"column":24},"end":{"line":38,"column":25}},"loc":{"start":{"line":38,"column":50},"end":{"line":71,"column":1}},"line":38}},"branchMap":{"0":{"loc":{"start":{"line":8,"column":2},"end":{"line":11,"column":3}},"type":"if","locations":[{"start":{"line":8,"column":2},"end":{"line":11,"column":3}},{"start":{},"end":{}}],"line":8},"1":{"loc":{"start":{"line":8,"column":6},"end":{"line":8,"column":37}},"type":"binary-expr","locations":[{"start":{"line":8,"column":6},"end":{"line":8,"column":17}},{"start":{"line":8,"column":21},"end":{"line":8,"column":37}}],"line":8},"2":{"loc":{"start":{"line":14,"column":23},"end":{"line":14,"column":82}},"type":"binary-expr","locations":[{"start":{"line":14,"column":23},"end":{"line":14,"column":51}},{"start":{"line":14,"column":55},"end":{"line":14,"column":82}}],"line":14},"3":{"loc":{"start":{"line":15,"column":2},"end":{"line":17,"column":3}},"type":"if","locations":[{"start":{"line":15,"column":2},"end":{"line":17,"column":3}},{"start":{},"end":{}}],"line":15},"4":{"loc":{"start":{"line":31,"column":1},"end":{"line":33,"column":2}},"type":"if","locations":[{"start":{"line":31,"column":1},"end":{"line":33,"column":2}},{"start":{},"end":{}}],"line":31},"5":{"loc":{"start":{"line":31,"column":5},"end":{"line":31,"column":35}},"type":"binary-expr","locations":[{"start":{"line":31,"column":5},"end":{"line":31,"column":14}},{"start":{"line":31,"column":18},"end":{"line":31,"column":35}}],"line":31},"6":{"loc":{"start":{"line":41,"column":2},"end":{"line":43,"column":3}},"type":"if","locations":[{"start":{"line":41,"column":2},"end":{"line":43,"column":3}},{"start":{},"end":{}}],"line":41},"7":{"loc":{"start":{"line":46,"column":2},"end":{"line":48,"column":3}},"type":"if","locations":[{"start":{"line":46,"column":2},"end":{"line":48,"column":3}},{"start":{},"end":{}}],"line":46},"8":{"loc":{"start":{"line":52,"column":2},"end":{"line":55,"column":3}},"type":"if","locations":[{"start":{"line":52,"column":2},"end":{"line":55,"column":3}},{"start":{},"end":{}}],"line":52},"9":{"loc":{"start":{"line":58,"column":2},"end":{"line":60,"column":3}},"type":"if","locations":[{"start":{"line":58,"column":2},"end":{"line":60,"column":3}},{"start":{},"end":{}}],"line":58},"10":{"loc":{"start":{"line":62,"column":2},"end":{"line":65,"column":3}},"type":"if","locations":[{"start":{"line":62,"column":2},"end":{"line":65,"column":3}},{"start":{},"end":{}}],"line":62},"11":{"loc":{"start":{"line":62,"column":6},"end":{"line":63,"column":66}},"type":"binary-expr","locations":[{"start":{"line":62,"column":6},"end":{"line":62,"column":47}},{"start":{"line":63,"column":4},"end":{"line":63,"column":19}},{"start":{"line":63,"column":23},"end":{"line":63,"column":65}}],"line":62}},"s":{"0":3,"1":3,"2":3,"3":3,"4":57,"5":57,"6":36,"7":36,"8":21,"9":21,"10":9,"11":12,"12":12,"13":11,"14":11,"15":1,"16":3,"17":3,"18":2,"19":1,"20":3,"21":16,"22":16,"23":1,"24":15,"25":0,"26":15,"27":15,"28":0,"29":15,"30":5,"31":3,"32":2,"33":1,"34":1,"35":10},"f":{"0":57,"1":3,"2":16},"b":{"0":[36,21],"1":[57,57],"2":[21,9],"3":[9,12],"4":[2,1],"5":[3,3],"6":[1,15],"7":[0,15],"8":[0,15],"9":[3,2],"10":[1,1],"11":[2,1,0]},"_coverageSchema":"1a1c01bbd47fc00a2c39e90264f33305004495a9","hash":"6a3d4d365ad8fd93e18df42337e16825f44cb2cc"}
,"/Users/idmcalculus/Documents/Task Manager App/task-manager-api/middleware/errorHandler.js": {"path":"/Users/idmcalculus/Documents/Task Manager App/task-manager-api/middleware/errorHandler.js","statementMap":{"0":{"start":{"line":3,"column":2},"end":{"line":3,"column":10}},"1":{"start":{"line":4,"column":2},"end":{"line":4,"column":31}},"2":{"start":{"line":5,"column":2},"end":{"line":5,"column":25}},"3":{"start":{"line":9,"column":20},"end":{"line":17,"column":1}},"4":{"start":{"line":10,"column":33},"end":{"line":10,"column":36}},"5":{"start":{"line":12,"column":1},"end":{"line":16,"column":4}},"6":{"start":{"line":19,"column":0},"end":{"line":22,"column":2}}},"fnMap":{"0":{"name":"(anonymous_0)","decl":{"start":{"line":2,"column":1},"end":{"line":2,"column":2}},"loc":{"start":{"line":2,"column":34},"end":{"line":6,"column":2}},"line":2},"1":{"name":"(anonymous_1)","decl":{"start":{"line":9,"column":20},"end":{"line":9,"column":21}},"loc":{"start":{"line":9,"column":45},"end":{"line":17,"column":1}},"line":9}},"branchMap":{"0":{"loc":{"start":{"line":12,"column":12},"end":{"line":12,"column":29}},"type":"binary-expr","locations":[{"start":{"line":12,"column":12},"end":{"line":12,"column":22}},{"start":{"line":12,"column":26},"end":{"line":12,"column":29}}],"line":12},"1":{"loc":{"start":{"line":14,"column":14},"end":{"line":14,"column":31}},"type":"binary-expr","locations":[{"start":{"line":14,"column":14},"end":{"line":14,"column":24}},{"start":{"line":14,"column":28},"end":{"line":14,"column":31}}],"line":14},"2":{"loc":{"start":{"line":15,"column":11},"end":{"line":15,"column":72}},"type":"binary-expr","locations":[{"start":{"line":15,"column":11},"end":{"line":15,"column":18}},{"start":{"line":15,"column":22},"end":{"line":15,"column":72}}],"line":15}},"s":{"0":56,"1":56,"2":56,"3":3,"4":55,"5":55,"6":3},"f":{"0":56,"1":55},"b":{"0":[55,0],"1":[55,0],"2":[55,0]},"_coverageSchema":"1a1c01bbd47fc00a2c39e90264f33305004495a9","hash":"09e9f9c444713d0bf4ebced2ce1a3d1683efcaac"}
,"/Users/idmcalculus/Documents/Task Manager App/task-manager-api/middleware/validationMiddleware.js": {"path":"/Users/idmcalculus/Documents/Task Manager App/task-manager-api/middleware/validationMiddleware.js","statementMap":{"0":{"start":{"line":1,"column":29},"end":{"line":1,"column":57}},"1":{"start":{"line":2,"column":25},"end":{"line":2,"column":50}},"2":{"start":{"line":8,"column":24},"end":{"line":15,"column":1}},"3":{"start":{"line":9,"column":17},"end":{"line":9,"column":38}},"4":{"start":{"line":10,"column":2},"end":{"line":13,"column":3}},"5":{"start":{"line":11,"column":26},"end":{"line":11,"column":64}},"6":{"start":{"line":11,"column":54},"end":{"line":11,"column":63}},"7":{"start":{"line":12,"column":4},"end":{"line":12,"column":65}},"8":{"start":{"line":14,"column":2},"end":{"line":14,"column":9}},"9":{"start":{"line":17,"column":0},"end":{"line":19,"column":2}}},"fnMap":{"0":{"name":"(anonymous_0)","decl":{"start":{"line":8,"column":24},"end":{"line":8,"column":25}},"loc":{"start":{"line":8,"column":44},"end":{"line":15,"column":1}},"line":8},"1":{"name":"(anonymous_1)","decl":{"start":{"line":11,"column":45},"end":{"line":11,"column":46}},"loc":{"start":{"line":11,"column":54},"end":{"line":11,"column":63}},"line":11}},"branchMap":{"0":{"loc":{"start":{"line":10,"column":2},"end":{"line":13,"column":3}},"type":"if","locations":[{"start":{"line":10,"column":2},"end":{"line":13,"column":3}},{"start":{},"end":{}}],"line":10}},"s":{"0":3,"1":3,"2":3,"3":41,"4":41,"5":24,"6":27,"7":24,"8":17,"9":3},"f":{"0":41,"1":27},"b":{"0":[24,17]},"_coverageSchema":"1a1c01bbd47fc00a2c39e90264f33305004495a9","hash":"118cb800d4cf483bc8b77f87d2afd3266f84d745"}
,"/Users/idmcalculus/Documents/Task Manager App/task-manager-api/models/Task.js": {"path":"/Users/idmcalculus/Documents/Task Manager App/task-manager-api/models/Task.js","statementMap":{"0":{"start":{"line":1,"column":17},"end":{"line":1,"column":36}},"1":{"start":{"line":3,"column":19},"end":{"line":31,"column":45}},"2":{"start":{"line":23,"column":17},"end":{"line":23,"column":87}},"3":{"start":{"line":33,"column":0},"end":{"line":39,"column":3}},"4":{"start":{"line":35,"column":3},"end":{"line":35,"column":52}},"5":{"start":{"line":36,"column":3},"end":{"line":36,"column":28}},"6":{"start":{"line":37,"column":3},"end":{"line":37,"column":28}},"7":{"start":{"line":41,"column":0},"end":{"line":41,"column":52}}},"fnMap":{"0":{"name":"(anonymous_0)","decl":{"start":{"line":23,"column":7},"end":{"line":23,"column":8}},"loc":{"start":{"line":23,"column":17},"end":{"line":23,"column":87}},"line":23},"1":{"name":"(anonymous_1)","decl":{"start":{"line":34,"column":12},"end":{"line":34,"column":13}},"loc":{"start":{"line":34,"column":42},"end":{"line":38,"column":2}},"line":34}},"branchMap":{"0":{"loc":{"start":{"line":23,"column":17},"end":{"line":23,"column":87}},"type":"cond-expr","locations":[{"start":{"line":23,"column":70},"end":{"line":23,"column":79}},{"start":{"line":23,"column":82},"end":{"line":23,"column":87}}],"line":23},"1":{"loc":{"start":{"line":23,"column":17},"end":{"line":23,"column":67}},"type":"binary-expr","locations":[{"start":{"line":23,"column":17},"end":{"line":23,"column":29}},{"start":{"line":23,"column":33},"end":{"line":23,"column":47}},{"start":{"line":23,"column":51},"end":{"line":23,"column":67}}],"line":23}},"s":{"0":3,"1":3,"2":8,"3":3,"4":5,"5":5,"6":5,"7":3},"f":{"0":8,"1":5},"b":{"0":[0,8],"1":[8,8,8]},"_coverageSchema":"1a1c01bbd47fc00a2c39e90264f33305004495a9","hash":"50837ce2745dfe013ad9201c6dca767d54a0d330"}
,"/Users/idmcalculus/Documents/Task Manager App/task-manager-api/models/User.js": {"path":"/Users/idmcalculus/Documents/Task Manager App/task-manager-api/models/User.js","statementMap":{"0":{"start":{"line":1,"column":17},"end":{"line":1,"column":36}},"1":{"start":{"line":2,"column":15},"end":{"line":2,"column":34}},"2":{"start":{"line":4,"column":19},"end":{"line":10,"column":41}},"3":{"start":{"line":12,"column":0},"end":{"line":17,"column":3}},"4":{"start":{"line":13,"column":1},"end":{"line":15,"column":2}},"5":{"start":{"line":14,"column":2},"end":{"line":14,"column":55}},"6":{"start":{"line":16,"column":3},"end":{"line":16,"column":10}},"7":{"start":{"line":19,"column":0},"end":{"line":24,"column":2}},"8":{"start":{"line":20,"column":1},"end":{"line":23,"column":4}},"9":{"start":{"line":21,"column":2},"end":{"line":21,"column":26}},"10":{"start":{"line":21,"column":11},"end":{"line":21,"column":26}},"11":{"start":{"line":22,"column":2},"end":{"line":22,"column":20}},"12":{"start":{"line":26,"column":0},"end":{"line":32,"column":3}},"13":{"start":{"line":28,"column":3},"end":{"line":28,"column":53}},"14":{"start":{"line":29,"column":3},"end":{"line":29,"column":29}},"15":{"start":{"line":30,"column":3},"end":{"line":30,"column":29}},"16":{"start":{"line":34,"column":0},"end":{"line":34,"column":52}}},"fnMap":{"0":{"name":"(anonymous_0)","decl":{"start":{"line":12,"column":23},"end":{"line":12,"column":24}},"loc":{"start":{"line":12,"column":44},"end":{"line":17,"column":1}},"line":12},"1":{"name":"(anonymous_1)","decl":{"start":{"line":19,"column":37},"end":{"line":19,"column":38}},"loc":{"start":{"line":19,"column":65},"end":{"line":24,"column":1}},"line":19},"2":{"name":"(anonymous_2)","decl":{"start":{"line":20,"column":46},"end":{"line":20,"column":47}},"loc":{"start":{"line":20,"column":64},"end":{"line":23,"column":2}},"line":20},"3":{"name":"(anonymous_3)","decl":{"start":{"line":27,"column":12},"end":{"line":27,"column":13}},"loc":{"start":{"line":27,"column":42},"end":{"line":31,"column":2}},"line":27}},"branchMap":{"0":{"loc":{"start":{"line":13,"column":1},"end":{"line":15,"column":2}},"type":"if","locations":[{"start":{"line":13,"column":1},"end":{"line":15,"column":2}},{"start":{},"end":{}}],"line":13},"1":{"loc":{"start":{"line":21,"column":2},"end":{"line":21,"column":26}},"type":"if","locations":[{"start":{"line":21,"column":2},"end":{"line":21,"column":26}},{"start":{},"end":{}}],"line":21}},"s":{"0":3,"1":3,"2":3,"3":3,"4":10,"5":10,"6":10,"7":3,"8":0,"9":0,"10":0,"11":0,"12":3,"13":7,"14":7,"15":7,"16":3},"f":{"0":10,"1":0,"2":0,"3":7},"b":{"0":[10,0],"1":[0,0]},"_coverageSchema":"1a1c01bbd47fc00a2c39e90264f33305004495a9","hash":"83f66712ec4a6afaa40c6b5b1668fd337260b6f3"}
,"/Users/idmcalculus/Documents/Task Manager App/task-manager-api/routes/tasks.js": {"path":"/Users/idmcalculus/Documents/Task Manager App/task-manager-api/routes/tasks.js","statementMap":{"0":{"start":{"line":1,"column":16},"end":{"line":1,"column":34}},"1":{"start":{"line":2,"column":32},"end":{"line":2,"column":62}},"2":{"start":{"line":3,"column":29},"end":{"line":3,"column":61}},"3":{"start":{"line":4,"column":23},"end":{"line":4,"column":63}},"4":{"start":{"line":5,"column":37},"end":{"line":5,"column":76}},"5":{"start":{"line":6,"column":28},"end":{"line":6,"column":73}},"6":{"start":{"line":7,"column":21},"end":{"line":7,"column":48}},"7":{"start":{"line":9,"column":15},"end":{"line":9,"column":31}},"8":{"start":{"line":41,"column":0},"end":{"line":41,"column":57}},"9":{"start":{"line":79,"column":0},"end":{"line":79,"column":79}},"10":{"start":{"line":139,"column":0},"end":{"line":146,"column":2}},"11":{"start":{"line":218,"column":0},"end":{"line":226,"column":2}},"12":{"start":{"line":272,"column":0},"end":{"line":272,"column":81}},"13":{"start":{"line":274,"column":0},"end":{"line":274,"column":24}}},"fnMap":{},"branchMap":{},"s":{"0":3,"1":3,"2":3,"3":3,"4":3,"5":3,"6":3,"7":3,"8":3,"9":3,"10":3,"11":3,"12":3,"13":3},"f":{},"b":{},"_coverageSchema":"1a1c01bbd47fc00a2c39e90264f33305004495a9","hash":"8dc5b7438b05c5e64a9ef71424054e6409683a87"}
,"/Users/idmcalculus/Documents/Task Manager App/task-manager-api/routes/users.js": {"path":"/Users/idmcalculus/Documents/Task Manager App/task-manager-api/routes/users.js","statementMap":{"0":{"start":{"line":1,"column":16},"end":{"line":1,"column":34}},"1":{"start":{"line":2,"column":23},"end":{"line":2,"column":63}},"2":{"start":{"line":3,"column":15},"end":{"line":3,"column":31}},"3":{"start":{"line":5,"column":54},"end":{"line":5,"column":84}},"4":{"start":{"line":6,"column":29},"end":{"line":6,"column":61}},"5":{"start":{"line":7,"column":31},"end":{"line":7,"column":70}},"6":{"start":{"line":8,"column":28},"end":{"line":8,"column":73}},"7":{"start":{"line":38,"column":0},"end":{"line":38,"column":106}},"8":{"start":{"line":74,"column":0},"end":{"line":74,"column":101}},"9":{"start":{"line":98,"column":0},"end":{"line":98,"column":46}},"10":{"start":{"line":122,"column":0},"end":{"line":122,"column":59}},"11":{"start":{"line":146,"column":0},"end":{"line":146,"column":61}},"12":{"start":{"line":148,"column":0},"end":{"line":148,"column":24}}},"fnMap":{},"branchMap":{},"s":{"0":3,"1":3,"2":3,"3":3,"4":3,"5":3,"6":3,"7":3,"8":3,"9":3,"10":3,"11":3,"12":3},"f":{},"b":{},"_coverageSchema":"1a1c01bbd47fc00a2c39e90264f33305004495a9","hash":"b3fd30d3942764f72332cb28afa0a7cb87a73bb1"}
,"/Users/idmcalculus/Documents/Task Manager App/task-manager-api/services/emailService.js": {"path":"/Users/idmcalculus/Documents/Task Manager App/task-manager-api/services/emailService.js","statementMap":{"0":{"start":{"line":1,"column":19},"end":{"line":1,"column":40}},"1":{"start":{"line":2,"column":20},"end":{"line":2,"column":46}},"2":{"start":{"line":4,"column":20},"end":{"line":4,"column":59}},"3":{"start":{"line":6,"column":0},"end":{"line":13,"column":2}},"4":{"start":{"line":7,"column":1},"end":{"line":12,"column":2}},"5":{"start":{"line":8,"column":15},"end":{"line":8,"column":96}},"6":{"start":{"line":9,"column":2},"end":{"line":9,"column":47}},"7":{"start":{"line":11,"column":2},"end":{"line":11,"column":49}}},"fnMap":{"0":{"name":"(anonymous_0)","decl":{"start":{"line":6,"column":20},"end":{"line":6,"column":21}},"loc":{"start":{"line":6,"column":49},"end":{"line":13,"column":1}},"line":6}},"branchMap":{},"s":{"0":3,"1":3,"2":3,"3":3,"4":0,"5":0,"6":0,"7":0},"f":{"0":0},"b":{},"_coverageSchema":"1a1c01bbd47fc00a2c39e90264f33305004495a9","hash":"21363e99576a193a5432347521e545d788cbd777"}
,"/Users/idmcalculus/Documents/Task Manager App/task-manager-api/utils/isValidDate.js": {"path":"/Users/idmcalculus/Documents/Task Manager App/task-manager-api/utils/isValidDate.js","statementMap":{"0":{"start":{"line":1,"column":0},"end":{"line":37,"column":1}},"1":{"start":{"line":3,"column":19},"end":{"line":3,"column":40}},"2":{"start":{"line":4,"column":23},"end":{"line":4,"column":56}},"3":{"start":{"line":6,"column":1},"end":{"line":8,"column":2}},"4":{"start":{"line":7,"column":2},"end":{"line":7,"column":15}},"5":{"start":{"line":11,"column":14},"end":{"line":11,"column":34}},"6":{"start":{"line":12,"column":1},"end":{"line":14,"column":2}},"7":{"start":{"line":13,"column":2},"end":{"line":13,"column":15}},"8":{"start":{"line":17,"column":20},"end":{"line":17,"column":41}},"9":{"start":{"line":18,"column":14},"end":{"line":18,"column":37}},"10":{"start":{"line":19,"column":15},"end":{"line":19,"column":38}},"11":{"start":{"line":20,"column":13},"end":{"line":20,"column":50}},"12":{"start":{"line":23,"column":1},"end":{"line":31,"column":2}},"13":{"start":{"line":24,"column":16},"end":{"line":24,"column":67}},"14":{"start":{"line":25,"column":18},"end":{"line":25,"column":69}},"15":{"start":{"line":26,"column":2},"end":{"line":30,"column":33}},"16":{"start":{"line":34,"column":1},"end":{"line":36,"column":25}}},"fnMap":{"0":{"name":"(anonymous_0)","decl":{"start":{"line":1,"column":22},"end":{"line":1,"column":23}},"loc":{"start":{"line":1,"column":38},"end":{"line":37,"column":1}},"line":1}},"branchMap":{"0":{"loc":{"start":{"line":6,"column":1},"end":{"line":8,"column":2}},"type":"if","locations":[{"start":{"line":6,"column":1},"end":{"line":8,"column":2}},{"start":{},"end":{}}],"line":6},"1":{"loc":{"start":{"line":6,"column":5},"end":{"line":6,"column":67}},"type":"binary-expr","locations":[{"start":{"line":6,"column":5},"end":{"line":6,"column":32}},{"start":{"line":6,"column":36},"end":{"line":6,"column":67}}],"line":6},"2":{"loc":{"start":{"line":12,"column":1},"end":{"line":14,"column":2}},"type":"if","locations":[{"start":{"line":12,"column":1},"end":{"line":14,"column":2}},{"start":{},"end":{}}],"line":12},"3":{"loc":{"start":{"line":23,"column":1},"end":{"line":31,"column":2}},"type":"if","locations":[{"start":{"line":23,"column":1},"end":{"line":31,"column":2}},{"start":{},"end":{}}],"line":23},"4":{"loc":{"start":{"line":26,"column":9},"end":{"line":30,"column":32}},"type":"binary-expr","locations":[{"start":{"line":26,"column":9},"end":{"line":26,"column":36}},{"start":{"line":27,"column":3},"end":{"line":27,"column":32}},{"start":{"line":28,"column":3},"end":{"line":28,"column":25}},{"start":{"line":29,"column":3},"end":{"line":29,"column":28}},{"start":{"line":30,"column":3},"end":{"line":30,"column":32}}],"line":26},"5":{"loc":{"start":{"line":34,"column":8},"end":{"line":36,"column":24}},"type":"binary-expr","locations":[{"start":{"line":34,"column":8},"end":{"line":34,"column":35}},{"start":{"line":35,"column":2},"end":{"line":35,"column":31}},{"start":{"line":36,"column":2},"end":{"line":36,"column":24}}],"line":34}},"s":{"0":3,"1":0,"2":0,"3":0,"4":0,"5":0,"6":0,"7":0,"8":0,"9":0,"10":0,"11":0,"12":0,"13":0,"14":0,"15":0,"16":0},"f":{"0":0},"b":{"0":[0,0],"1":[0,0],"2":[0,0],"3":[0,0],"4":[0,0,0,0,0],"5":[0,0,0]},"_coverageSchema":"1a1c01bbd47fc00a2c39e90264f33305004495a9","hash":"d983adf8ee3cdcd838336426fc8aed445403c76d"}
,"/Users/idmcalculus/Documents/Task Manager App/task-manager-api/utils/sanitization.js": {"path":"/Users/idmcalculus/Documents/Task Manager App/task-manager-api/utils/sanitization.js","statementMap":{"0":{"start":{"line":1,"column":21},"end":{"line":1,"column":45}},"1":{"start":{"line":3,"column":25},"end":{"line":29,"column":1}},"2":{"start":{"line":4,"column":1},"end":{"line":4,"column":53}},"3":{"start":{"line":5,"column":1},"end":{"line":5,"column":65}},"4":{"start":{"line":6,"column":1},"end":{"line":6,"column":55}},"5":{"start":{"line":9,"column":1},"end":{"line":15,"column":2}},"6":{"start":{"line":11,"column":8},"end":{"line":15,"column":2}},"7":{"start":{"line":12,"column":2},"end":{"line":12,"column":29}},"8":{"start":{"line":13,"column":8},"end":{"line":15,"column":2}},"9":{"start":{"line":14,"column":2},"end":{"line":14,"column":58}},"10":{"start":{"line":17,"column":1},"end":{"line":17,"column":57}},"11":{"start":{"line":18,"column":1},"end":{"line":18,"column":59}},"12":{"start":{"line":19,"column":1},"end":{"line":19,"column":61}},"13":{"start":{"line":22,"column":1},"end":{"line":26,"column":4}},"14":{"start":{"line":23,"column":2},"end":{"line":25,"column":3}},"15":{"start":{"line":24,"column":3},"end":{"line":24,"column":24}},"16":{"start":{"line":28,"column":1},"end":{"line":28,"column":8}},"17":{"start":{"line":31,"column":25},"end":{"line":39,"column":1}},"18":{"start":{"line":33,"column":1},"end":{"line":35,"column":2}},"19":{"start":{"line":34,"column":2},"end":{"line":34,"column":54}},"20":{"start":{"line":36,"column":1},"end":{"line":36,"column":53}},"21":{"start":{"line":37,"column":1},"end":{"line":37,"column":59}},"22":{"start":{"line":38,"column":1},"end":{"line":38,"column":8}},"23":{"start":{"line":41,"column":0},"end":{"line":44,"column":2}}},"fnMap":{"0":{"name":"(anonymous_0)","decl":{"start":{"line":3,"column":25},"end":{"line":3,"column":26}},"loc":{"start":{"line":3,"column":45},"end":{"line":29,"column":1}},"line":3},"1":{"name":"(anonymous_1)","decl":{"start":{"line":22,"column":31},"end":{"line":22,"column":32}},"loc":{"start":{"line":22,"column":38},"end":{"line":26,"column":2}},"line":22},"2":{"name":"(anonymous_2)","decl":{"start":{"line":31,"column":25},"end":{"line":31,"column":26}},"loc":{"start":{"line":31,"column":45},"end":{"line":39,"column":1}},"line":31}},"branchMap":{"0":{"loc":{"start":{"line":4,"column":31},"end":{"line":4,"column":51}},"type":"binary-expr","locations":[{"start":{"line":4,"column":31},"end":{"line":4,"column":45}},{"start":{"line":4,"column":49},"end":{"line":4,"column":51}}],"line":4},"1":{"loc":{"start":{"line":5,"column":37},"end":{"line":5,"column":63}},"type":"binary-expr","locations":[{"start":{"line":5,"column":37},"end":{"line":5,"column":57}},{"start":{"line":5,"column":61},"end":{"line":5,"column":63}}],"line":5},"2":{"loc":{"start":{"line":6,"column":32},"end":{"line":6,"column":53}},"type":"binary-expr","locations":[{"start":{"line":6,"column":32},"end":{"line":6,"column":47}},{"start":{"line":6,"column":51},"end":{"line":6,"column":53}}],"line":6},"3":{"loc":{"start":{"line":9,"column":1},"end":{"line":15,"column":2}},"type":"if","locations":[{"start":{"line":9,"column":1},"end":{"line":15,"column":2}},{"start":{"line":11,"column":8},"end":{"line":15,"column":2}}],"line":9},"4":{"loc":{"start":{"line":11,"column":8},"end":{"line":15,"column":2}},"type":"if","locations":[{"start":{"line":11,"column":8},"end":{"line":15,"column":2}},{"start":{"line":13,"column":8},"end":{"line":15,"column":2}}],"line":11},"5":{"loc":{"start":{"line":11,"column":12},"end":{"line":11,"column":72}},"type":"binary-expr","locations":[{"start":{"line":11,"column":12},"end":{"line":11,"column":42}},{"start":{"line":11,"column":46},"end":{"line":11,"column":72}}],"line":11},"6":{"loc":{"start":{"line":13,"column":8},"end":{"line":15,"column":2}},"type":"if","locations":[{"start":{"line":13,"column":8},"end":{"line":15,"column":2}},{"start":{},"end":{}}],"line":13},"7":{"loc":{"start":{"line":17,"column":33},"end":{"line":17,"column":55}},"type":"binary-expr","locations":[{"start":{"line":17,"column":33},"end":{"line":17,"column":49}},{"start":{"line":17,"column":53},"end":{"line":17,"column":55}}],"line":17},"8":{"loc":{"start":{"line":18,"column":34},"end":{"line":18,"column":57}},"type":"binary-expr","locations":[{"start":{"line":18,"column":34},"end":{"line":18,"column":51}},{"start":{"line":18,"column":55},"end":{"line":18,"column":57}}],"line":18},"9":{"loc":{"start":{"line":19,"column":35},"end":{"line":19,"column":59}},"type":"binary-expr","locations":[{"start":{"line":19,"column":35},"end":{"line":19,"column":53}},{"start":{"line":19,"column":57},"end":{"line":19,"column":59}}],"line":19},"10":{"loc":{"start":{"line":23,"column":2},"end":{"line":25,"column":3}},"type":"if","locations":[{"start":{"line":23,"column":2},"end":{"line":25,"column":3}},{"start":{},"end":{}}],"line":23},"11":{"loc":{"start":{"line":33,"column":1},"end":{"line":35,"column":2}},"type":"if","locations":[{"start":{"line":33,"column":1},"end":{"line":35,"column":2}},{"start":{},"end":{}}],"line":33},"12":{"loc":{"start":{"line":36,"column":31},"end":{"line":36,"column":51}},"type":"binary-expr","locations":[{"start":{"line":36,"column":31},"end":{"line":36,"column":45}},{"start":{"line":36,"column":49},"end":{"line":36,"column":51}}],"line":36},"13":{"loc":{"start":{"line":37,"column":34},"end":{"line":37,"column":57}},"type":"binary-expr","locations":[{"start":{"line":37,"column":34},"end":{"line":37,"column":51}},{"start":{"line":37,"column":55},"end":{"line":37,"column":57}}],"line":37}},"s":{"0":3,"1":3,"2":20,"3":20,"4":20,"5":20,"6":20,"7":0,"8":20,"9":0,"10":20,"11":20,"12":20,"13":20,"14":120,"15":69,"16":20,"17":3,"18":21,"19":10,"20":21,"21":21,"22":21,"23":3},"f":{"0":20,"1":120,"2":21},"b":{"0":[20,2],"1":[20,14],"2":[20,12],"3":[0,20],"4":[0,20],"5":[20,20],"6":[0,20],"7":[20,2],"8":[20,19],"9":[20,20],"10":[69,51],"11":[10,11],"12":[21,1],"13":[21,1]},"_coverageSchema":"1a1c01bbd47fc00a2c39e90264f33305004495a9","hash":"91aba435d7f29609d471a35791a4391c081837dc"}
,"/Users/idmcalculus/Documents/Task Manager App/task-manager-api/utils/validation.js": {"path":"/Users/idmcalculus/Documents/Task Manager App/task-manager-api/utils/validation.js","statementMap":{"0":{"start":{"line":1,"column":18},"end":{"line":1,"column":46}},"1":{"start":{"line":2,"column":13},"end":{"line":2,"column":28}},"2":{"start":{"line":4,"column":28},"end":{"line":56,"column":1}},"3":{"start":{"line":22,"column":3},"end":{"line":24,"column":4}},"4":{"start":{"line":23,"column":4},"end":{"line":23,"column":16}},"5":{"start":{"line":26,"column":3},"end":{"line":26,"column":42}},"6":{"start":{"line":41,"column":3},"end":{"line":43,"column":4}},"7":{"start":{"line":42,"column":4},"end":{"line":42,"column":16}},"8":{"start":{"line":45,"column":29},"end":{"line":45,"column":70}},"9":{"start":{"line":47,"column":15},"end":{"line":47,"column":64}},"10":{"start":{"line":49,"column":3},"end":{"line":49,"column":42}},"11":{"start":{"line":58,"column":28},"end":{"line":73,"column":1}},"12":{"start":{"line":76,"column":29},"end":{"line":86,"column":1}},"13":{"start":{"line":88,"column":0},"end":{"line":92,"column":2}}},"fnMap":{"0":{"name":"(anonymous_0)","decl":{"start":{"line":20,"column":10},"end":{"line":20,"column":11}},"loc":{"start":{"line":20,"column":19},"end":{"line":27,"column":3}},"line":20},"1":{"name":"(anonymous_1)","decl":{"start":{"line":39,"column":10},"end":{"line":39,"column":11}},"loc":{"start":{"line":39,"column":30},"end":{"line":50,"column":3}},"line":39}},"branchMap":{"0":{"loc":{"start":{"line":22,"column":3},"end":{"line":24,"column":4}},"type":"if","locations":[{"start":{"line":22,"column":3},"end":{"line":24,"column":4}},{"start":{},"end":{}}],"line":22},"1":{"loc":{"start":{"line":22,"column":7},"end":{"line":22,"column":60}},"type":"binary-expr","locations":[{"start":{"line":22,"column":7},"end":{"line":22,"column":21}},{"start":{"line":22,"column":25},"end":{"line":22,"column":44}},{"start":{"line":22,"column":48},"end":{"line":22,"column":60}}],"line":22},"2":{"loc":{"start":{"line":41,"column":3},"end":{"line":43,"column":4}},"type":"if","locations":[{"start":{"line":41,"column":3},"end":{"line":43,"column":4}},{"start":{},"end":{}}],"line":41}},"s":{"0":4,"1":4,"2":4,"3":2,"4":0,"5":2,"6":7,"7":1,"8":6,"9":6,"10":6,"11":4,"12":4,"13":4},"f":{"0":2,"1":7},"b":{"0":[0,2],"1":[2,2,2],"2":[1,6]},"_coverageSchema":"1a1c01bbd47fc00a2c39e90264f33305004495a9","hash":"f614a56a916d246c79998c96344bf0960ccb114e"}
,"/Users/idmcalculus/Documents/Task Manager App/task-manager-api/utils/welcomeHTML.js": {"path":"/Users/idmcalculus/Documents/Task Manager App/task-manager-api/utils/welcomeHTML.js","statementMap":{"0":{"start":{"line":1,"column":0},"end":{"line":69,"column":1}},"1":{"start":{"line":2,"column":1},"end":{"line":68,"column":2}}},"fnMap":{"0":{"name":"(anonymous_0)","decl":{"start":{"line":1,"column":22},"end":{"line":1,"column":23}},"loc":{"start":{"line":1,"column":28},"end":{"line":69,"column":1}},"line":1}},"branchMap":{},"s":{"0":3,"1":0},"f":{"0":0},"b":{},"_coverageSchema":"1a1c01bbd47fc00a2c39e90264f33305004495a9","hash":"5b13bc057808396e6ba14f8f9c5de0397b21b429"}
}
