{"/Users/idmcalculus/Documents/Task Manager App/task-manager-api/index.js": {"path":"/Users/idmcalculus/Documents/Task Manager App/task-manager-api/index.js","statementMap":{"0":{"start":{"line":1,"column":0},"end":{"line":1,"column":27}},"1":{"start":{"line":2,"column":16},"end":{"line":2,"column":34}},"2":{"start":{"line":3,"column":12},"end":{"line":3,"column":21}},"3":{"start":{"line":4,"column":18},"end":{"line":4,"column":47}},"4":{"start":{"line":5,"column":13},"end":{"line":5,"column":28}},"5":{"start":{"line":6,"column":18},"end":{"line":6,"column":47}},"6":{"start":{"line":7,"column":15},"end":{"line":7,"column":32}},"7":{"start":{"line":8,"column":16},"end":{"line":8,"column":42}},"8":{"start":{"line":9,"column":19},"end":{"line":9,"column":43}},"9":{"start":{"line":11,"column":24},"end":{"line":11,"column":44}},"10":{"start":{"line":12,"column":26},"end":{"line":12,"column":58}},"11":{"start":{"line":13,"column":24},"end":{"line":13,"column":60}},"12":{"start":{"line":14,"column":24},"end":{"line":14,"column":54}},"13":{"start":{"line":15,"column":13},"end":{"line":15,"column":28}},"14":{"start":{"line":18,"column":19},"end":{"line":18,"column":44}},"15":{"start":{"line":19,"column":19},"end":{"line":19,"column":44}},"16":{"start":{"line":21,"column":23},"end":{"line":25,"column":2}},"17":{"start":{"line":27,"column":16},"end":{"line":27,"column":92}},"18":{"start":{"line":29,"column":23},"end":{"line":29,"column":91}},"19":{"start":{"line":31,"column":0},"end":{"line":31,"column":24}},"20":{"start":{"line":32,"column":0},"end":{"line":32,"column":26}},"21":{"start":{"line":33,"column":0},"end":{"line":43,"column":4}},"22":{"start":{"line":35,"column":8},"end":{"line":39,"column":9}},"23":{"start":{"line":36,"column":12},"end":{"line":36,"column":40}},"24":{"start":{"line":38,"column":12},"end":{"line":38,"column":66}},"25":{"start":{"line":45,"column":0},"end":{"line":45,"column":23}},"26":{"start":{"line":46,"column":0},"end":{"line":58,"column":4}},"27":{"start":{"line":61,"column":0},"end":{"line":61,"column":36}},"28":{"start":{"line":64,"column":0},"end":{"line":64,"column":33}},"29":{"start":{"line":65,"column":0},"end":{"line":65,"column":99}},"30":{"start":{"line":66,"column":0},"end":{"line":66,"column":51}},"31":{"start":{"line":69,"column":0},"end":{"line":69,"column":37}},"32":{"start":{"line":70,"column":0},"end":{"line":70,"column":31}},"33":{"start":{"line":73,"column":0},"end":{"line":73,"column":21}},"34":{"start":{"line":75,"column":0},"end":{"line":77,"column":3}},"35":{"start":{"line":76,"column":4},"end":{"line":76,"column":28}},"36":{"start":{"line":79,"column":0},"end":{"line":81,"column":3}},"37":{"start":{"line":80,"column":4},"end":{"line":80,"column":61}},"38":{"start":{"line":84,"column":0},"end":{"line":96,"column":3}},"39":{"start":{"line":87,"column":4},"end":{"line":92,"column":5}},"40":{"start":{"line":88,"column":21},"end":{"line":88,"column":45}},"41":{"start":{"line":89,"column":8},"end":{"line":91,"column":11}},"42":{"start":{"line":90,"column":12},"end":{"line":90,"column":61}},"43":{"start":{"line":95,"column":4},"end":{"line":95,"column":55}},"44":{"start":{"line":98,"column":0},"end":{"line":98,"column":21}}},"fnMap":{"0":{"name":"(anonymous_0)","decl":{"start":{"line":34,"column":12},"end":{"line":34,"column":13}},"loc":{"start":{"line":34,"column":38},"end":{"line":40,"column":5}},"line":34},"1":{"name":"(anonymous_1)","decl":{"start":{"line":75,"column":16},"end":{"line":75,"column":17}},"loc":{"start":{"line":75,"column":30},"end":{"line":77,"column":1}},"line":75},"2":{"name":"(anonymous_2)","decl":{"start":{"line":79,"column":13},"end":{"line":79,"column":14}},"loc":{"start":{"line":79,"column":27},"end":{"line":81,"column":1}},"line":79},"3":{"name":"(anonymous_3)","decl":{"start":{"line":85,"column":6},"end":{"line":85,"column":7}},"loc":{"start":{"line":85,"column":12},"end":{"line":93,"column":1}},"line":85},"4":{"name":"(anonymous_4)","decl":{"start":{"line":89,"column":25},"end":{"line":89,"column":26}},"loc":{"start":{"line":89,"column":31},"end":{"line":91,"column":9}},"line":89},"5":{"name":"(anonymous_5)","decl":{"start":{"line":94,"column":7},"end":{"line":94,"column":8}},"loc":{"start":{"line":94,"column":16},"end":{"line":96,"column":1}},"line":94}},"branchMap":{"0":{"loc":{"start":{"line":35,"column":8},"end":{"line":39,"column":9}},"type":"if","locations":[{"start":{"line":35,"column":8},"end":{"line":39,"column":9}},{"start":{"line":37,"column":15},"end":{"line":39,"column":9}}],"line":35},"1":{"loc":{"start":{"line":35,"column":11},"end":{"line":35,"column":59}},"type":"binary-expr","locations":[{"start":{"line":35,"column":11},"end":{"line":35,"column":48}},{"start":{"line":35,"column":52},"end":{"line":35,"column":59}}],"line":35},"2":{"loc":{"start":{"line":87,"column":4},"end":{"line":92,"column":5}},"type":"if","locations":[{"start":{"line":87,"column":4},"end":{"line":92,"column":5}},{"start":{},"end":{}}],"line":87},"3":{"loc":{"start":{"line":88,"column":21},"end":{"line":88,"column":45}},"type":"binary-expr","locations":[{"start":{"line":88,"column":21},"end":{"line":88,"column":37}},{"start":{"line":88,"column":41},"end":{"line":88,"column":45}}],"line":88}},"s":{"0":1,"1":1,"2":1,"3":1,"4":1,"5":1,"6":1,"7":1,"8":1,"9":1,"10":1,"11":1,"12":1,"13":1,"14":1,"15":1,"16":1,"17":1,"18":1,"19":1,"20":1,"21":1,"22":51,"23":51,"24":0,"25":1,"26":1,"27":1,"28":1,"29":1,"30":1,"31":1,"32":1,"33":1,"34":1,"35":0,"36":1,"37":0,"38":1,"39":1,"40":0,"41":0,"42":0,"43":0,"44":1},"f":{"0":51,"1":0,"2":0,"3":1,"4":0,"5":0},"b":{"0":[51,0],"1":[51,51],"2":[0,1],"3":[0,0]},"_coverageSchema":"1a1c01bbd47fc00a2c39e90264f33305004495a9","hash":"a4e7bb13ddf1c69fc8cd1056efb1739cc969c165"}
,"/Users/idmcalculus/Documents/Task Manager App/task-manager-api/swagger.js": {"path":"/Users/idmcalculus/Documents/Task Manager App/task-manager-api/swagger.js","statementMap":{"0":{"start":{"line":1,"column":21},"end":{"line":1,"column":45}},"1":{"start":{"line":3,"column":16},"end":{"line":113,"column":1}},"2":{"start":{"line":115,"column":14},"end":{"line":115,"column":35}},"3":{"start":{"line":116,"column":0},"end":{"line":116,"column":23}}},"fnMap":{},"branchMap":{},"s":{"0":1,"1":1,"2":1,"3":1},"f":{},"b":{},"_coverageSchema":"1a1c01bbd47fc00a2c39e90264f33305004495a9","hash":"3e7857a41cc376db7ee2308414ac695f33ee89c2"}
,"/Users/idmcalculus/Documents/Task Manager App/task-manager-api/controllers/taskController.js": {"path":"/Users/idmcalculus/Documents/Task Manager App/task-manager-api/controllers/taskController.js","statementMap":{"0":{"start":{"line":1,"column":17},"end":{"line":1,"column":36}},"1":{"start":{"line":2,"column":13},"end":{"line":2,"column":38}},"2":{"start":{"line":3,"column":13},"end":{"line":3,"column":38}},"3":{"start":{"line":4,"column":25},"end":{"line":4,"column":62}},"4":{"start":{"line":5,"column":22},"end":{"line":5,"column":57}},"5":{"start":{"line":6,"column":24},"end":{"line":6,"column":55}},"6":{"start":{"line":8,"column":23},"end":{"line":8,"column":24}},"7":{"start":{"line":10,"column":0},"end":{"line":66,"column":2}},"8":{"start":{"line":11,"column":1},"end":{"line":65,"column":2}},"9":{"start":{"line":12,"column":43},"end":{"line":12,"column":52}},"10":{"start":{"line":14,"column":2},"end":{"line":14,"column":33}},"11":{"start":{"line":15,"column":15},"end":{"line":15,"column":42}},"12":{"start":{"line":17,"column":14},"end":{"line":17,"column":16}},"13":{"start":{"line":20,"column":2},"end":{"line":25,"column":3}},"14":{"start":{"line":21,"column":3},"end":{"line":24,"column":5}},"15":{"start":{"line":27,"column":2},"end":{"line":38,"column":3}},"16":{"start":{"line":28,"column":23},"end":{"line":33,"column":4}},"17":{"start":{"line":35,"column":3},"end":{"line":37,"column":16}},"18":{"start":{"line":40,"column":2},"end":{"line":42,"column":3}},"19":{"start":{"line":41,"column":3},"end":{"line":41,"column":25}},"20":{"start":{"line":44,"column":2},"end":{"line":46,"column":3}},"21":{"start":{"line":45,"column":3},"end":{"line":45,"column":29}},"22":{"start":{"line":48,"column":16},"end":{"line":54,"column":25}},"23":{"start":{"line":56,"column":25},"end":{"line":56,"column":52}},"24":{"start":{"line":58,"column":2},"end":{"line":62,"column":5}},"25":{"start":{"line":64,"column":2},"end":{"line":64,"column":65}},"26":{"start":{"line":68,"column":0},"end":{"line":84,"column":2}},"27":{"start":{"line":69,"column":1},"end":{"line":83,"column":2}},"28":{"start":{"line":70,"column":15},"end":{"line":74,"column":5}},"29":{"start":{"line":76,"column":2},"end":{"line":78,"column":3}},"30":{"start":{"line":77,"column":3},"end":{"line":77,"column":56}},"31":{"start":{"line":80,"column":2},"end":{"line":80,"column":29}},"32":{"start":{"line":82,"column":2},"end":{"line":82,"column":64}},"33":{"start":{"line":86,"column":0},"end":{"line":132,"column":2}},"34":{"start":{"line":87,"column":1},"end":{"line":131,"column":2}},"35":{"start":{"line":88,"column":41},"end":{"line":88,"column":49}},"36":{"start":{"line":90,"column":2},"end":{"line":92,"column":3}},"37":{"start":{"line":91,"column":3},"end":{"line":91,"column":79}},"38":{"start":{"line":94,"column":2},"end":{"line":96,"column":3}},"39":{"start":{"line":95,"column":3},"end":{"line":95,"column":111}},"40":{"start":{"line":98,"column":2},"end":{"line":103,"column":3}},"41":{"start":{"line":99,"column":16},"end":{"line":99,"column":47}},"42":{"start":{"line":100,"column":3},"end":{"line":102,"column":4}},"43":{"start":{"line":101,"column":4},"end":{"line":101,"column":66}},"44":{"start":{"line":105,"column":25},"end":{"line":105,"column":65}},"45":{"start":{"line":107,"column":18},"end":{"line":112,"column":4}},"46":{"start":{"line":114,"column":15},"end":{"line":114,"column":35}},"47":{"start":{"line":117,"column":2},"end":{"line":125,"column":3}},"48":{"start":{"line":118,"column":16},"end":{"line":118,"column":52}},"49":{"start":{"line":119,"column":3},"end":{"line":124,"column":5}},"50":{"start":{"line":127,"column":2},"end":{"line":127,"column":32}},"51":{"start":{"line":129,"column":2},"end":{"line":129,"column":23}},"52":{"start":{"line":130,"column":2},"end":{"line":130,"column":62}},"53":{"start":{"line":134,"column":0},"end":{"line":202,"column":2}},"54":{"start":{"line":135,"column":1},"end":{"line":201,"column":2}},"55":{"start":{"line":136,"column":15},"end":{"line":136,"column":58}},"56":{"start":{"line":138,"column":2},"end":{"line":140,"column":3}},"57":{"start":{"line":139,"column":3},"end":{"line":139,"column":56}},"58":{"start":{"line":142,"column":72},"end":{"line":142,"column":80}},"59":{"start":{"line":144,"column":2},"end":{"line":144,"column":32}},"60":{"start":{"line":144,"column":13},"end":{"line":144,"column":32}},"61":{"start":{"line":145,"column":2},"end":{"line":145,"column":50}},"62":{"start":{"line":145,"column":19},"end":{"line":145,"column":50}},"63":{"start":{"line":146,"column":2},"end":{"line":146,"column":38}},"64":{"start":{"line":146,"column":15},"end":{"line":146,"column":38}},"65":{"start":{"line":147,"column":2},"end":{"line":147,"column":41}},"66":{"start":{"line":147,"column":16},"end":{"line":147,"column":41}},"67":{"start":{"line":149,"column":27},"end":{"line":149,"column":32}},"68":{"start":{"line":150,"column":24},"end":{"line":150,"column":29}},"69":{"start":{"line":152,"column":29},"end":{"line":152,"column":68}},"70":{"start":{"line":155,"column":2},"end":{"line":162,"column":3}},"71":{"start":{"line":156,"column":16},"end":{"line":156,"column":47}},"72":{"start":{"line":157,"column":3},"end":{"line":159,"column":4}},"73":{"start":{"line":158,"column":4},"end":{"line":158,"column":66}},"74":{"start":{"line":160,"column":3},"end":{"line":160,"column":40}},"75":{"start":{"line":161,"column":3},"end":{"line":161,"column":29}},"76":{"start":{"line":165,"column":2},"end":{"line":170,"column":3}},"77":{"start":{"line":166,"column":3},"end":{"line":166,"column":24}},"78":{"start":{"line":167,"column":3},"end":{"line":169,"column":4}},"79":{"start":{"line":168,"column":4},"end":{"line":168,"column":27}},"80":{"start":{"line":172,"column":2},"end":{"line":174,"column":3}},"81":{"start":{"line":173,"column":3},"end":{"line":173,"column":35}},"82":{"start":{"line":176,"column":2},"end":{"line":176,"column":20}},"83":{"start":{"line":178,"column":2},"end":{"line":186,"column":3}},"84":{"start":{"line":179,"column":16},"end":{"line":179,"column":52}},"85":{"start":{"line":180,"column":3},"end":{"line":185,"column":5}},"86":{"start":{"line":188,"column":2},"end":{"line":195,"column":3}},"87":{"start":{"line":189,"column":16},"end":{"line":189,"column":52}},"88":{"start":{"line":190,"column":3},"end":{"line":194,"column":5}},"89":{"start":{"line":197,"column":2},"end":{"line":197,"column":29}},"90":{"start":{"line":199,"column":2},"end":{"line":199,"column":23}},"91":{"start":{"line":200,"column":2},"end":{"line":200,"column":62}},"92":{"start":{"line":204,"column":0},"end":{"line":214,"column":2}},"93":{"start":{"line":205,"column":1},"end":{"line":213,"column":2}},"94":{"start":{"line":206,"column":15},"end":{"line":206,"column":58}},"95":{"start":{"line":207,"column":2},"end":{"line":209,"column":3}},"96":{"start":{"line":208,"column":3},"end":{"line":208,"column":56}},"97":{"start":{"line":210,"column":2},"end":{"line":210,"column":65}},"98":{"start":{"line":212,"column":2},"end":{"line":212,"column":62}}},"fnMap":{"0":{"name":"(anonymous_0)","decl":{"start":{"line":10,"column":19},"end":{"line":10,"column":20}},"loc":{"start":{"line":10,"column":45},"end":{"line":66,"column":1}},"line":10},"1":{"name":"(anonymous_1)","decl":{"start":{"line":68,"column":22},"end":{"line":68,"column":23}},"loc":{"start":{"line":68,"column":48},"end":{"line":84,"column":1}},"line":68},"2":{"name":"(anonymous_2)","decl":{"start":{"line":86,"column":21},"end":{"line":86,"column":22}},"loc":{"start":{"line":86,"column":47},"end":{"line":132,"column":1}},"line":86},"3":{"name":"(anonymous_3)","decl":{"start":{"line":134,"column":21},"end":{"line":134,"column":22}},"loc":{"start":{"line":134,"column":47},"end":{"line":202,"column":1}},"line":134},"4":{"name":"(anonymous_4)","decl":{"start":{"line":204,"column":21},"end":{"line":204,"column":22}},"loc":{"start":{"line":204,"column":47},"end":{"line":214,"column":1}},"line":204}},"branchMap":{"0":{"loc":{"start":{"line":14,"column":9},"end":{"line":14,"column":32}},"type":"cond-expr","locations":[{"start":{"line":14,"column":16},"end":{"line":14,"column":28}},{"start":{"line":14,"column":31},"end":{"line":14,"column":32}}],"line":14},"1":{"loc":{"start":{"line":20,"column":2},"end":{"line":25,"column":3}},"type":"if","locations":[{"start":{"line":20,"column":2},"end":{"line":25,"column":3}},{"start":{},"end":{}}],"line":20},"2":{"loc":{"start":{"line":27,"column":2},"end":{"line":38,"column":3}},"type":"if","locations":[{"start":{"line":27,"column":2},"end":{"line":38,"column":3}},{"start":{},"end":{}}],"line":27},"3":{"loc":{"start":{"line":35,"column":11},"end":{"line":37,"column":15}},"type":"cond-expr","locations":[{"start":{"line":36,"column":4},"end":{"line":36,"column":34}},{"start":{"line":37,"column":4},"end":{"line":37,"column":15}}],"line":35},"4":{"loc":{"start":{"line":40,"column":2},"end":{"line":42,"column":3}},"type":"if","locations":[{"start":{"line":40,"column":2},"end":{"line":42,"column":3}},{"start":{},"end":{}}],"line":40},"5":{"loc":{"start":{"line":44,"column":2},"end":{"line":46,"column":3}},"type":"if","locations":[{"start":{"line":44,"column":2},"end":{"line":46,"column":3}},{"start":{},"end":{}}],"line":44},"6":{"loc":{"start":{"line":76,"column":2},"end":{"line":78,"column":3}},"type":"if","locations":[{"start":{"line":76,"column":2},"end":{"line":78,"column":3}},{"start":{},"end":{}}],"line":76},"7":{"loc":{"start":{"line":90,"column":2},"end":{"line":92,"column":3}},"type":"if","locations":[{"start":{"line":90,"column":2},"end":{"line":92,"column":3}},{"start":{},"end":{}}],"line":90},"8":{"loc":{"start":{"line":90,"column":6},"end":{"line":90,"column":24}},"type":"binary-expr","locations":[{"start":{"line":90,"column":6},"end":{"line":90,"column":12}},{"start":{"line":90,"column":16},"end":{"line":90,"column":24}}],"line":90},"9":{"loc":{"start":{"line":94,"column":2},"end":{"line":96,"column":3}},"type":"if","locations":[{"start":{"line":94,"column":2},"end":{"line":96,"column":3}},{"start":{},"end":{}}],"line":94},"10":{"loc":{"start":{"line":98,"column":2},"end":{"line":103,"column":3}},"type":"if","locations":[{"start":{"line":98,"column":2},"end":{"line":103,"column":3}},{"start":{},"end":{}}],"line":98},"11":{"loc":{"start":{"line":100,"column":3},"end":{"line":102,"column":4}},"type":"if","locations":[{"start":{"line":100,"column":3},"end":{"line":102,"column":4}},{"start":{},"end":{}}],"line":100},"12":{"loc":{"start":{"line":109,"column":15},"end":{"line":109,"column":40}},"type":"binary-expr","locations":[{"start":{"line":109,"column":15},"end":{"line":109,"column":23}},{"start":{"line":109,"column":27},"end":{"line":109,"column":40}}],"line":109},"13":{"loc":{"start":{"line":111,"column":15},"end":{"line":111,"column":84}},"type":"cond-expr","locations":[{"start":{"line":111,"column":28},"end":{"line":111,"column":67}},{"start":{"line":111,"column":70},"end":{"line":111,"column":84}}],"line":111},"14":{"loc":{"start":{"line":117,"column":2},"end":{"line":125,"column":3}},"type":"if","locations":[{"start":{"line":117,"column":2},"end":{"line":125,"column":3}},{"start":{},"end":{}}],"line":117},"15":{"loc":{"start":{"line":138,"column":2},"end":{"line":140,"column":3}},"type":"if","locations":[{"start":{"line":138,"column":2},"end":{"line":140,"column":3}},{"start":{},"end":{}}],"line":138},"16":{"loc":{"start":{"line":144,"column":2},"end":{"line":144,"column":32}},"type":"if","locations":[{"start":{"line":144,"column":2},"end":{"line":144,"column":32}},{"start":{},"end":{}}],"line":144},"17":{"loc":{"start":{"line":145,"column":2},"end":{"line":145,"column":50}},"type":"if","locations":[{"start":{"line":145,"column":2},"end":{"line":145,"column":50}},{"start":{},"end":{}}],"line":145},"18":{"loc":{"start":{"line":146,"column":2},"end":{"line":146,"column":38}},"type":"if","locations":[{"start":{"line":146,"column":2},"end":{"line":146,"column":38}},{"start":{},"end":{}}],"line":146},"19":{"loc":{"start":{"line":147,"column":2},"end":{"line":147,"column":41}},"type":"if","locations":[{"start":{"line":147,"column":2},"end":{"line":147,"column":41}},{"start":{},"end":{}}],"line":147},"20":{"loc":{"start":{"line":155,"column":2},"end":{"line":162,"column":3}},"type":"if","locations":[{"start":{"line":155,"column":2},"end":{"line":162,"column":3}},{"start":{},"end":{}}],"line":155},"21":{"loc":{"start":{"line":155,"column":6},"end":{"line":155,"column":63}},"type":"binary-expr","locations":[{"start":{"line":155,"column":6},"end":{"line":155,"column":16}},{"start":{"line":155,"column":20},"end":{"line":155,"column":63}}],"line":155},"22":{"loc":{"start":{"line":157,"column":3},"end":{"line":159,"column":4}},"type":"if","locations":[{"start":{"line":157,"column":3},"end":{"line":159,"column":4}},{"start":{},"end":{}}],"line":157},"23":{"loc":{"start":{"line":165,"column":2},"end":{"line":170,"column":3}},"type":"if","locations":[{"start":{"line":165,"column":2},"end":{"line":170,"column":3}},{"start":{},"end":{}}],"line":165},"24":{"loc":{"start":{"line":165,"column":6},"end":{"line":165,"column":38}},"type":"binary-expr","locations":[{"start":{"line":165,"column":6},"end":{"line":165,"column":12}},{"start":{"line":165,"column":16},"end":{"line":165,"column":38}}],"line":165},"25":{"loc":{"start":{"line":167,"column":3},"end":{"line":169,"column":4}},"type":"if","locations":[{"start":{"line":167,"column":3},"end":{"line":169,"column":4}},{"start":{},"end":{}}],"line":167},"26":{"loc":{"start":{"line":172,"column":2},"end":{"line":174,"column":3}},"type":"if","locations":[{"start":{"line":172,"column":2},"end":{"line":174,"column":3}},{"start":{},"end":{}}],"line":172},"27":{"loc":{"start":{"line":178,"column":2},"end":{"line":186,"column":3}},"type":"if","locations":[{"start":{"line":178,"column":2},"end":{"line":186,"column":3}},{"start":{},"end":{}}],"line":178},"28":{"loc":{"start":{"line":188,"column":2},"end":{"line":195,"column":3}},"type":"if","locations":[{"start":{"line":188,"column":2},"end":{"line":195,"column":3}},{"start":{},"end":{}}],"line":188},"29":{"loc":{"start":{"line":207,"column":2},"end":{"line":209,"column":3}},"type":"if","locations":[{"start":{"line":207,"column":2},"end":{"line":209,"column":3}},{"start":{},"end":{}}],"line":207}},"s":{"0":1,"1":1,"2":1,"3":1,"4":1,"5":1,"6":1,"7":1,"8":5,"9":5,"10":5,"11":5,"12":5,"13":5,"14":5,"15":5,"16":1,"17":1,"18":5,"19":2,"20":5,"21":0,"22":5,"23":5,"24":5,"25":0,"26":1,"27":1,"28":1,"29":1,"30":0,"31":1,"32":0,"33":1,"34":19,"35":19,"36":19,"37":2,"38":17,"39":1,"40":16,"41":0,"42":0,"43":0,"44":16,"45":16,"46":16,"47":16,"48":0,"49":0,"50":16,"51":0,"52":0,"53":1,"54":4,"55":4,"56":4,"57":0,"58":4,"59":4,"60":2,"61":4,"62":0,"63":4,"64":0,"65":4,"66":0,"67":4,"68":4,"69":4,"70":3,"71":1,"72":1,"73":0,"74":1,"75":1,"76":3,"77":2,"78":2,"79":0,"80":3,"81":0,"82":3,"83":3,"84":1,"85":1,"86":3,"87":0,"88":0,"89":3,"90":1,"91":1,"92":1,"93":2,"94":2,"95":2,"96":0,"97":2,"98":0},"f":{"0":5,"1":1,"2":19,"3":4,"4":2},"b":{"0":[0,5],"1":[5,0],"2":[1,4],"3":[1,0],"4":[2,3],"5":[0,5],"6":[0,1],"7":[2,17],"8":[19,17],"9":[1,16],"10":[0,16],"11":[0,0],"12":[16,0],"13":[0,16],"14":[0,16],"15":[0,4],"16":[2,2],"17":[0,4],"18":[0,4],"19":[0,4],"20":[1,2],"21":[3,1],"22":[0,1],"23":[2,1],"24":[3,2],"25":[0,2],"26":[0,3],"27":[1,2],"28":[0,3],"29":[0,2]},"_coverageSchema":"1a1c01bbd47fc00a2c39e90264f33305004495a9","hash":"ea7acadd7dbcc045237d8ff8679797249b83858e"}
,"/Users/idmcalculus/Documents/Task Manager App/task-manager-api/controllers/userController.js": {"path":"/Users/idmcalculus/Documents/Task Manager App/task-manager-api/controllers/userController.js","statementMap":{"0":{"start":{"line":1,"column":12},"end":{"line":1,"column":35}},"1":{"start":{"line":2,"column":15},"end":{"line":2,"column":34}},"2":{"start":{"line":3,"column":13},"end":{"line":3,"column":38}},"3":{"start":{"line":4,"column":25},"end":{"line":4,"column":62}},"4":{"start":{"line":8,"column":1},"end":{"line":8,"column":41}},"5":{"start":{"line":13,"column":15},"end":{"line":13,"column":43}},"6":{"start":{"line":14,"column":1},"end":{"line":14,"column":26}},"7":{"start":{"line":17,"column":0},"end":{"line":65,"column":2}},"8":{"start":{"line":18,"column":1},"end":{"line":64,"column":2}},"9":{"start":{"line":19,"column":40},"end":{"line":19,"column":48}},"10":{"start":{"line":21,"column":2},"end":{"line":23,"column":3}},"11":{"start":{"line":22,"column":3},"end":{"line":22,"column":62}},"12":{"start":{"line":25,"column":2},"end":{"line":27,"column":3}},"13":{"start":{"line":26,"column":3},"end":{"line":26,"column":76}},"14":{"start":{"line":29,"column":2},"end":{"line":31,"column":3}},"15":{"start":{"line":30,"column":3},"end":{"line":30,"column":62}},"16":{"start":{"line":33,"column":2},"end":{"line":35,"column":3}},"17":{"start":{"line":34,"column":3},"end":{"line":34,"column":62}},"18":{"start":{"line":37,"column":26},"end":{"line":37,"column":41}},"19":{"start":{"line":38,"column":21},"end":{"line":38,"column":47}},"20":{"start":{"line":40,"column":23},"end":{"line":42,"column":4}},"21":{"start":{"line":44,"column":2},"end":{"line":46,"column":3}},"22":{"start":{"line":45,"column":3},"end":{"line":45,"column":61}},"23":{"start":{"line":48,"column":18},"end":{"line":52,"column":4}},"24":{"start":{"line":54,"column":2},"end":{"line":54,"column":23}},"25":{"start":{"line":57,"column":2},"end":{"line":61,"column":5}},"26":{"start":{"line":63,"column":2},"end":{"line":63,"column":85}},"27":{"start":{"line":67,"column":0},"end":{"line":109,"column":2}},"28":{"start":{"line":68,"column":1},"end":{"line":108,"column":2}},"29":{"start":{"line":69,"column":28},"end":{"line":69,"column":36}},"30":{"start":{"line":71,"column":2},"end":{"line":73,"column":3}},"31":{"start":{"line":72,"column":3},"end":{"line":72,"column":76}},"32":{"start":{"line":75,"column":2},"end":{"line":75,"column":37}},"33":{"start":{"line":77,"column":15},"end":{"line":77,"column":44}},"34":{"start":{"line":79,"column":2},"end":{"line":81,"column":3}},"35":{"start":{"line":80,"column":3},"end":{"line":80,"column":56}},"36":{"start":{"line":83,"column":26},"end":{"line":83,"column":71}},"37":{"start":{"line":85,"column":2},"end":{"line":87,"column":3}},"38":{"start":{"line":86,"column":3},"end":{"line":86,"column":61}},"39":{"start":{"line":91,"column":16},"end":{"line":95,"column":3}},"40":{"start":{"line":97,"column":2},"end":{"line":102,"column":4}},"41":{"start":{"line":104,"column":8},"end":{"line":104,"column":55}},"42":{"start":{"line":106,"column":2},"end":{"line":106,"column":23}},"43":{"start":{"line":107,"column":2},"end":{"line":107,"column":85}},"44":{"start":{"line":111,"column":0},"end":{"line":124,"column":2}},"45":{"start":{"line":112,"column":1},"end":{"line":123,"column":2}},"46":{"start":{"line":113,"column":15},"end":{"line":113,"column":37}},"47":{"start":{"line":115,"column":2},"end":{"line":119,"column":3}},"48":{"start":{"line":116,"column":3},"end":{"line":116,"column":30}},"49":{"start":{"line":118,"column":3},"end":{"line":118,"column":59}},"50":{"start":{"line":121,"column":2},"end":{"line":121,"column":23}},"51":{"start":{"line":122,"column":2},"end":{"line":122,"column":85}},"52":{"start":{"line":126,"column":0},"end":{"line":135,"column":1}},"53":{"start":{"line":127,"column":1},"end":{"line":134,"column":2}},"54":{"start":{"line":128,"column":2},"end":{"line":128,"column":24}},"55":{"start":{"line":129,"column":2},"end":{"line":129,"column":25}},"56":{"start":{"line":130,"column":2},"end":{"line":130,"column":33}},"57":{"start":{"line":131,"column":2},"end":{"line":131,"column":50}},"58":{"start":{"line":133,"column":2},"end":{"line":133,"column":85}},"59":{"start":{"line":137,"column":0},"end":{"line":155,"column":2}},"60":{"start":{"line":138,"column":1},"end":{"line":154,"column":2}},"61":{"start":{"line":139,"column":16},"end":{"line":139,"column":31}},"62":{"start":{"line":140,"column":16},"end":{"line":145,"column":4}},"63":{"start":{"line":147,"column":2},"end":{"line":149,"column":3}},"64":{"start":{"line":148,"column":3},"end":{"line":148,"column":57}},"65":{"start":{"line":151,"column":2},"end":{"line":151,"column":18}},"66":{"start":{"line":153,"column":2},"end":{"line":153,"column":85}}},"fnMap":{"0":{"name":"isStrongPassword","decl":{"start":{"line":7,"column":9},"end":{"line":7,"column":25}},"loc":{"start":{"line":7,"column":36},"end":{"line":9,"column":1}},"line":7},"1":{"name":"isValidEmailFormat","decl":{"start":{"line":12,"column":9},"end":{"line":12,"column":27}},"loc":{"start":{"line":12,"column":35},"end":{"line":15,"column":1}},"line":12},"2":{"name":"(anonymous_2)","decl":{"start":{"line":17,"column":19},"end":{"line":17,"column":20}},"loc":{"start":{"line":17,"column":45},"end":{"line":65,"column":1}},"line":17},"3":{"name":"(anonymous_3)","decl":{"start":{"line":67,"column":16},"end":{"line":67,"column":17}},"loc":{"start":{"line":67,"column":42},"end":{"line":109,"column":1}},"line":67},"4":{"name":"(anonymous_4)","decl":{"start":{"line":111,"column":23},"end":{"line":111,"column":24}},"loc":{"start":{"line":111,"column":49},"end":{"line":124,"column":1}},"line":111},"5":{"name":"(anonymous_5)","decl":{"start":{"line":126,"column":17},"end":{"line":126,"column":18}},"loc":{"start":{"line":126,"column":43},"end":{"line":135,"column":1}},"line":126},"6":{"name":"(anonymous_6)","decl":{"start":{"line":137,"column":19},"end":{"line":137,"column":20}},"loc":{"start":{"line":137,"column":45},"end":{"line":155,"column":1}},"line":137}},"branchMap":{"0":{"loc":{"start":{"line":8,"column":8},"end":{"line":8,"column":40}},"type":"binary-expr","locations":[{"start":{"line":8,"column":8},"end":{"line":8,"column":16}},{"start":{"line":8,"column":20},"end":{"line":8,"column":40}}],"line":8},"1":{"loc":{"start":{"line":21,"column":2},"end":{"line":23,"column":3}},"type":"if","locations":[{"start":{"line":21,"column":2},"end":{"line":23,"column":3}},{"start":{},"end":{}}],"line":21},"2":{"loc":{"start":{"line":25,"column":2},"end":{"line":27,"column":3}},"type":"if","locations":[{"start":{"line":25,"column":2},"end":{"line":27,"column":3}},{"start":{},"end":{}}],"line":25},"3":{"loc":{"start":{"line":25,"column":6},"end":{"line":25,"column":25}},"type":"binary-expr","locations":[{"start":{"line":25,"column":6},"end":{"line":25,"column":12}},{"start":{"line":25,"column":16},"end":{"line":25,"column":25}}],"line":25},"4":{"loc":{"start":{"line":29,"column":2},"end":{"line":31,"column":3}},"type":"if","locations":[{"start":{"line":29,"column":2},"end":{"line":31,"column":3}},{"start":{},"end":{}}],"line":29},"5":{"loc":{"start":{"line":33,"column":2},"end":{"line":35,"column":3}},"type":"if","locations":[{"start":{"line":33,"column":2},"end":{"line":35,"column":3}},{"start":{},"end":{}}],"line":33},"6":{"loc":{"start":{"line":44,"column":2},"end":{"line":46,"column":3}},"type":"if","locations":[{"start":{"line":44,"column":2},"end":{"line":46,"column":3}},{"start":{},"end":{}}],"line":44},"7":{"loc":{"start":{"line":71,"column":2},"end":{"line":73,"column":3}},"type":"if","locations":[{"start":{"line":71,"column":2},"end":{"line":73,"column":3}},{"start":{},"end":{}}],"line":71},"8":{"loc":{"start":{"line":71,"column":6},"end":{"line":71,"column":25}},"type":"binary-expr","locations":[{"start":{"line":71,"column":6},"end":{"line":71,"column":12}},{"start":{"line":71,"column":16},"end":{"line":71,"column":25}}],"line":71},"9":{"loc":{"start":{"line":79,"column":2},"end":{"line":81,"column":3}},"type":"if","locations":[{"start":{"line":79,"column":2},"end":{"line":81,"column":3}},{"start":{},"end":{}}],"line":79},"10":{"loc":{"start":{"line":85,"column":2},"end":{"line":87,"column":3}},"type":"if","locations":[{"start":{"line":85,"column":2},"end":{"line":87,"column":3}},{"start":{},"end":{}}],"line":85},"11":{"loc":{"start":{"line":115,"column":2},"end":{"line":119,"column":3}},"type":"if","locations":[{"start":{"line":115,"column":2},"end":{"line":119,"column":3}},{"start":{"line":117,"column":9},"end":{"line":119,"column":3}}],"line":115},"12":{"loc":{"start":{"line":147,"column":2},"end":{"line":149,"column":3}},"type":"if","locations":[{"start":{"line":147,"column":2},"end":{"line":149,"column":3}},{"start":{},"end":{}}],"line":147}},"s":{"0":1,"1":1,"2":1,"3":1,"4":3,"5":3,"6":3,"7":1,"8":3,"9":3,"10":3,"11":0,"12":3,"13":0,"14":3,"15":0,"16":3,"17":0,"18":3,"19":3,"20":3,"21":3,"22":0,"23":3,"24":3,"25":3,"26":0,"27":1,"28":2,"29":2,"30":2,"31":0,"32":2,"33":2,"34":2,"35":0,"36":2,"37":2,"38":0,"39":2,"40":2,"41":2,"42":0,"43":0,"44":1,"45":2,"46":2,"47":2,"48":2,"49":0,"50":0,"51":0,"52":1,"53":0,"54":0,"55":0,"56":0,"57":0,"58":0,"59":1,"60":0,"61":0,"62":0,"63":0,"64":0,"65":0,"66":0},"f":{"0":3,"1":3,"2":3,"3":2,"4":2,"5":0,"6":0},"b":{"0":[3,3],"1":[0,3],"2":[0,3],"3":[3,3],"4":[0,3],"5":[0,3],"6":[0,3],"7":[0,2],"8":[2,2],"9":[0,2],"10":[0,2],"11":[2,0],"12":[0,0]},"_coverageSchema":"1a1c01bbd47fc00a2c39e90264f33305004495a9","hash":"9d032dd8e2522cce559b34d6c387fac481c3b740"}
,"/Users/idmcalculus/Documents/Task Manager App/task-manager-api/database/connection.js": {"path":"/Users/idmcalculus/Documents/Task Manager App/task-manager-api/database/connection.js","statementMap":{"0":{"start":{"line":1,"column":17},"end":{"line":1,"column":36}},"1":{"start":{"line":2,"column":15},"end":{"line":2,"column":32}},"2":{"start":{"line":4,"column":0},"end":{"line":4,"column":16}},"3":{"start":{"line":6,"column":26},"end":{"line":13,"column":1}},"4":{"start":{"line":7,"column":2},"end":{"line":12,"column":3}},"5":{"start":{"line":8,"column":4},"end":{"line":8,"column":52}},"6":{"start":{"line":9,"column":4},"end":{"line":9,"column":40}},"7":{"start":{"line":11,"column":4},"end":{"line":11,"column":55}},"8":{"start":{"line":15,"column":0},"end":{"line":15,"column":35}}},"fnMap":{"0":{"name":"(anonymous_0)","decl":{"start":{"line":6,"column":26},"end":{"line":6,"column":27}},"loc":{"start":{"line":6,"column":38},"end":{"line":13,"column":1}},"line":6}},"branchMap":{},"s":{"0":1,"1":1,"2":1,"3":1,"4":1,"5":1,"6":1,"7":0,"8":1},"f":{"0":1},"b":{},"_coverageSchema":"1a1c01bbd47fc00a2c39e90264f33305004495a9","hash":"db42aa46969d313172621908bf462e090f7704f7"}
,"/Users/idmcalculus/Documents/Task Manager App/task-manager-api/middleware/authMiddleware.js": {"path":"/Users/idmcalculus/Documents/Task Manager App/task-manager-api/middleware/authMiddleware.js","statementMap":{"0":{"start":{"line":1,"column":12},"end":{"line":1,"column":35}},"1":{"start":{"line":2,"column":25},"end":{"line":2,"column":62}},"2":{"start":{"line":3,"column":13},"end":{"line":3,"column":38}},"3":{"start":{"line":5,"column":0},"end":{"line":26,"column":2}},"4":{"start":{"line":6,"column":1},"end":{"line":25,"column":2}},"5":{"start":{"line":8,"column":2},"end":{"line":11,"column":3}},"6":{"start":{"line":9,"column":3},"end":{"line":9,"column":31}},"7":{"start":{"line":10,"column":3},"end":{"line":10,"column":17}},"8":{"start":{"line":14,"column":23},"end":{"line":14,"column":82}},"9":{"start":{"line":15,"column":2},"end":{"line":17,"column":3}},"10":{"start":{"line":16,"column":3},"end":{"line":16,"column":65}},"11":{"start":{"line":19,"column":16},"end":{"line":19,"column":42}},"12":{"start":{"line":20,"column":18},"end":{"line":20,"column":59}},"13":{"start":{"line":21,"column":2},"end":{"line":21,"column":26}},"14":{"start":{"line":22,"column":2},"end":{"line":22,"column":9}},"15":{"start":{"line":24,"column":2},"end":{"line":24,"column":63}},"16":{"start":{"line":29,"column":0},"end":{"line":34,"column":2}},"17":{"start":{"line":30,"column":1},"end":{"line":32,"column":2}},"18":{"start":{"line":31,"column":2},"end":{"line":31,"column":62}},"19":{"start":{"line":33,"column":1},"end":{"line":33,"column":8}},"20":{"start":{"line":37,"column":0},"end":{"line":70,"column":2}},"21":{"start":{"line":38,"column":1},"end":{"line":69,"column":2}},"22":{"start":{"line":40,"column":2},"end":{"line":42,"column":3}},"23":{"start":{"line":41,"column":3},"end":{"line":41,"column":17}},"24":{"start":{"line":45,"column":2},"end":{"line":47,"column":3}},"25":{"start":{"line":46,"column":3},"end":{"line":46,"column":17}},"26":{"start":{"line":50,"column":17},"end":{"line":50,"column":30}},"27":{"start":{"line":51,"column":2},"end":{"line":54,"column":3}},"28":{"start":{"line":53,"column":3},"end":{"line":53,"column":17}},"29":{"start":{"line":56,"column":15},"end":{"line":56,"column":42}},"30":{"start":{"line":57,"column":2},"end":{"line":59,"column":3}},"31":{"start":{"line":58,"column":3},"end":{"line":58,"column":56}},"32":{"start":{"line":61,"column":2},"end":{"line":64,"column":3}},"33":{"start":{"line":63,"column":3},"end":{"line":63,"column":17}},"34":{"start":{"line":66,"column":2},"end":{"line":66,"column":75}},"35":{"start":{"line":68,"column":2},"end":{"line":68,"column":67}}},"fnMap":{"0":{"name":"(anonymous_0)","decl":{"start":{"line":5,"column":20},"end":{"line":5,"column":21}},"loc":{"start":{"line":5,"column":40},"end":{"line":26,"column":1}},"line":5},"1":{"name":"(anonymous_1)","decl":{"start":{"line":29,"column":18},"end":{"line":29,"column":19}},"loc":{"start":{"line":29,"column":38},"end":{"line":34,"column":1}},"line":29},"2":{"name":"(anonymous_2)","decl":{"start":{"line":37,"column":24},"end":{"line":37,"column":25}},"loc":{"start":{"line":37,"column":50},"end":{"line":70,"column":1}},"line":37}},"branchMap":{"0":{"loc":{"start":{"line":8,"column":2},"end":{"line":11,"column":3}},"type":"if","locations":[{"start":{"line":8,"column":2},"end":{"line":11,"column":3}},{"start":{},"end":{}}],"line":8},"1":{"loc":{"start":{"line":8,"column":6},"end":{"line":8,"column":37}},"type":"binary-expr","locations":[{"start":{"line":8,"column":6},"end":{"line":8,"column":17}},{"start":{"line":8,"column":21},"end":{"line":8,"column":37}}],"line":8},"2":{"loc":{"start":{"line":14,"column":23},"end":{"line":14,"column":82}},"type":"binary-expr","locations":[{"start":{"line":14,"column":23},"end":{"line":14,"column":51}},{"start":{"line":14,"column":55},"end":{"line":14,"column":82}}],"line":14},"3":{"loc":{"start":{"line":15,"column":2},"end":{"line":17,"column":3}},"type":"if","locations":[{"start":{"line":15,"column":2},"end":{"line":17,"column":3}},{"start":{},"end":{}}],"line":15},"4":{"loc":{"start":{"line":30,"column":1},"end":{"line":32,"column":2}},"type":"if","locations":[{"start":{"line":30,"column":1},"end":{"line":32,"column":2}},{"start":{},"end":{}}],"line":30},"5":{"loc":{"start":{"line":30,"column":5},"end":{"line":30,"column":35}},"type":"binary-expr","locations":[{"start":{"line":30,"column":5},"end":{"line":30,"column":14}},{"start":{"line":30,"column":18},"end":{"line":30,"column":35}}],"line":30},"6":{"loc":{"start":{"line":40,"column":2},"end":{"line":42,"column":3}},"type":"if","locations":[{"start":{"line":40,"column":2},"end":{"line":42,"column":3}},{"start":{},"end":{}}],"line":40},"7":{"loc":{"start":{"line":45,"column":2},"end":{"line":47,"column":3}},"type":"if","locations":[{"start":{"line":45,"column":2},"end":{"line":47,"column":3}},{"start":{},"end":{}}],"line":45},"8":{"loc":{"start":{"line":51,"column":2},"end":{"line":54,"column":3}},"type":"if","locations":[{"start":{"line":51,"column":2},"end":{"line":54,"column":3}},{"start":{},"end":{}}],"line":51},"9":{"loc":{"start":{"line":57,"column":2},"end":{"line":59,"column":3}},"type":"if","locations":[{"start":{"line":57,"column":2},"end":{"line":59,"column":3}},{"start":{},"end":{}}],"line":57},"10":{"loc":{"start":{"line":61,"column":2},"end":{"line":64,"column":3}},"type":"if","locations":[{"start":{"line":61,"column":2},"end":{"line":64,"column":3}},{"start":{},"end":{}}],"line":61},"11":{"loc":{"start":{"line":61,"column":6},"end":{"line":62,"column":66}},"type":"binary-expr","locations":[{"start":{"line":61,"column":6},"end":{"line":61,"column":47}},{"start":{"line":62,"column":4},"end":{"line":62,"column":19}},{"start":{"line":62,"column":23},"end":{"line":62,"column":65}}],"line":61}},"s":{"0":1,"1":1,"2":1,"3":1,"4":44,"5":44,"6":36,"7":36,"8":8,"9":8,"10":8,"11":0,"12":0,"13":0,"14":0,"15":0,"16":1,"17":0,"18":0,"19":0,"20":1,"21":12,"22":12,"23":0,"24":12,"25":0,"26":12,"27":12,"28":0,"29":12,"30":12,"31":3,"32":9,"33":7,"34":2,"35":0},"f":{"0":44,"1":0,"2":12},"b":{"0":[36,8],"1":[44,44],"2":[8,8],"3":[8,0],"4":[0,0],"5":[0,0],"6":[0,12],"7":[0,12],"8":[0,12],"9":[3,9],"10":[7,2],"11":[9,2,2]},"_coverageSchema":"1a1c01bbd47fc00a2c39e90264f33305004495a9","hash":"c837b669fcdbf91f03033c5a9cdea262e814f6e6"}
,"/Users/idmcalculus/Documents/Task Manager App/task-manager-api/middleware/errorHandler.js": {"path":"/Users/idmcalculus/Documents/Task Manager App/task-manager-api/middleware/errorHandler.js","statementMap":{"0":{"start":{"line":3,"column":2},"end":{"line":3,"column":10}},"1":{"start":{"line":4,"column":2},"end":{"line":4,"column":31}},"2":{"start":{"line":5,"column":2},"end":{"line":5,"column":25}},"3":{"start":{"line":9,"column":20},"end":{"line":17,"column":1}},"4":{"start":{"line":10,"column":33},"end":{"line":10,"column":36}},"5":{"start":{"line":12,"column":1},"end":{"line":16,"column":4}},"6":{"start":{"line":19,"column":0},"end":{"line":22,"column":2}}},"fnMap":{"0":{"name":"(anonymous_0)","decl":{"start":{"line":2,"column":1},"end":{"line":2,"column":2}},"loc":{"start":{"line":2,"column":34},"end":{"line":6,"column":2}},"line":2},"1":{"name":"(anonymous_1)","decl":{"start":{"line":9,"column":20},"end":{"line":9,"column":21}},"loc":{"start":{"line":9,"column":45},"end":{"line":17,"column":1}},"line":9}},"branchMap":{"0":{"loc":{"start":{"line":12,"column":12},"end":{"line":12,"column":29}},"type":"binary-expr","locations":[{"start":{"line":12,"column":12},"end":{"line":12,"column":22}},{"start":{"line":12,"column":26},"end":{"line":12,"column":29}}],"line":12},"1":{"loc":{"start":{"line":14,"column":14},"end":{"line":14,"column":31}},"type":"binary-expr","locations":[{"start":{"line":14,"column":14},"end":{"line":14,"column":24}},{"start":{"line":14,"column":28},"end":{"line":14,"column":31}}],"line":14},"2":{"loc":{"start":{"line":15,"column":11},"end":{"line":15,"column":72}},"type":"binary-expr","locations":[{"start":{"line":15,"column":11},"end":{"line":15,"column":18}},{"start":{"line":15,"column":22},"end":{"line":15,"column":72}}],"line":15}},"s":{"0":17,"1":17,"2":17,"3":1,"4":17,"5":17,"6":1},"f":{"0":17,"1":17},"b":{"0":[17,0],"1":[17,0],"2":[17,0]},"_coverageSchema":"1a1c01bbd47fc00a2c39e90264f33305004495a9","hash":"09e9f9c444713d0bf4ebced2ce1a3d1683efcaac"}
,"/Users/idmcalculus/Documents/Task Manager App/task-manager-api/models/Task.js": {"path":"/Users/idmcalculus/Documents/Task Manager App/task-manager-api/models/Task.js","statementMap":{"0":{"start":{"line":1,"column":17},"end":{"line":1,"column":36}},"1":{"start":{"line":3,"column":19},"end":{"line":31,"column":45}},"2":{"start":{"line":33,"column":0},"end":{"line":39,"column":3}},"3":{"start":{"line":35,"column":3},"end":{"line":35,"column":52}},"4":{"start":{"line":36,"column":3},"end":{"line":36,"column":28}},"5":{"start":{"line":37,"column":3},"end":{"line":37,"column":28}},"6":{"start":{"line":41,"column":0},"end":{"line":41,"column":52}}},"fnMap":{"0":{"name":"(anonymous_0)","decl":{"start":{"line":34,"column":12},"end":{"line":34,"column":13}},"loc":{"start":{"line":34,"column":42},"end":{"line":38,"column":2}},"line":34}},"branchMap":{},"s":{"0":1,"1":1,"2":1,"3":25,"4":25,"5":25,"6":1},"f":{"0":25},"b":{},"_coverageSchema":"1a1c01bbd47fc00a2c39e90264f33305004495a9","hash":"71407e7c3b41a4eb679eb5a2f02af5fa5c37d80b"}
,"/Users/idmcalculus/Documents/Task Manager App/task-manager-api/models/User.js": {"path":"/Users/idmcalculus/Documents/Task Manager App/task-manager-api/models/User.js","statementMap":{"0":{"start":{"line":1,"column":17},"end":{"line":1,"column":36}},"1":{"start":{"line":2,"column":15},"end":{"line":2,"column":34}},"2":{"start":{"line":4,"column":19},"end":{"line":10,"column":41}},"3":{"start":{"line":12,"column":0},"end":{"line":17,"column":3}},"4":{"start":{"line":13,"column":1},"end":{"line":15,"column":2}},"5":{"start":{"line":14,"column":2},"end":{"line":14,"column":55}},"6":{"start":{"line":16,"column":3},"end":{"line":16,"column":10}},"7":{"start":{"line":19,"column":0},"end":{"line":24,"column":2}},"8":{"start":{"line":20,"column":1},"end":{"line":23,"column":4}},"9":{"start":{"line":21,"column":2},"end":{"line":21,"column":26}},"10":{"start":{"line":21,"column":11},"end":{"line":21,"column":26}},"11":{"start":{"line":22,"column":2},"end":{"line":22,"column":20}},"12":{"start":{"line":26,"column":0},"end":{"line":32,"column":3}},"13":{"start":{"line":28,"column":3},"end":{"line":28,"column":53}},"14":{"start":{"line":29,"column":3},"end":{"line":29,"column":29}},"15":{"start":{"line":30,"column":3},"end":{"line":30,"column":29}},"16":{"start":{"line":34,"column":0},"end":{"line":34,"column":52}}},"fnMap":{"0":{"name":"(anonymous_0)","decl":{"start":{"line":12,"column":23},"end":{"line":12,"column":24}},"loc":{"start":{"line":12,"column":44},"end":{"line":17,"column":1}},"line":12},"1":{"name":"(anonymous_1)","decl":{"start":{"line":19,"column":37},"end":{"line":19,"column":38}},"loc":{"start":{"line":19,"column":65},"end":{"line":24,"column":1}},"line":19},"2":{"name":"(anonymous_2)","decl":{"start":{"line":20,"column":46},"end":{"line":20,"column":47}},"loc":{"start":{"line":20,"column":64},"end":{"line":23,"column":2}},"line":20},"3":{"name":"(anonymous_3)","decl":{"start":{"line":27,"column":12},"end":{"line":27,"column":13}},"loc":{"start":{"line":27,"column":42},"end":{"line":31,"column":2}},"line":27}},"branchMap":{"0":{"loc":{"start":{"line":13,"column":1},"end":{"line":15,"column":2}},"type":"if","locations":[{"start":{"line":13,"column":1},"end":{"line":15,"column":2}},{"start":{},"end":{}}],"line":13},"1":{"loc":{"start":{"line":21,"column":2},"end":{"line":21,"column":26}},"type":"if","locations":[{"start":{"line":21,"column":2},"end":{"line":21,"column":26}},{"start":{},"end":{}}],"line":21}},"s":{"0":1,"1":1,"2":1,"3":1,"4":4,"5":4,"6":4,"7":1,"8":0,"9":0,"10":0,"11":0,"12":1,"13":12,"14":12,"15":12,"16":1},"f":{"0":4,"1":0,"2":0,"3":12},"b":{"0":[4,0],"1":[0,0]},"_coverageSchema":"1a1c01bbd47fc00a2c39e90264f33305004495a9","hash":"83f66712ec4a6afaa40c6b5b1668fd337260b6f3"}
,"/Users/idmcalculus/Documents/Task Manager App/task-manager-api/routes/tasks.js": {"path":"/Users/idmcalculus/Documents/Task Manager App/task-manager-api/routes/tasks.js","statementMap":{"0":{"start":{"line":1,"column":16},"end":{"line":1,"column":34}},"1":{"start":{"line":2,"column":32},"end":{"line":2,"column":62}},"2":{"start":{"line":3,"column":29},"end":{"line":3,"column":61}},"3":{"start":{"line":4,"column":23},"end":{"line":4,"column":63}},"4":{"start":{"line":5,"column":37},"end":{"line":5,"column":76}},"5":{"start":{"line":6,"column":21},"end":{"line":6,"column":48}},"6":{"start":{"line":8,"column":15},"end":{"line":8,"column":31}},"7":{"start":{"line":40,"column":0},"end":{"line":40,"column":57}},"8":{"start":{"line":78,"column":0},"end":{"line":78,"column":79}},"9":{"start":{"line":138,"column":0},"end":{"line":144,"column":2}},"10":{"start":{"line":216,"column":0},"end":{"line":223,"column":2}},"11":{"start":{"line":269,"column":0},"end":{"line":269,"column":81}},"12":{"start":{"line":271,"column":0},"end":{"line":271,"column":24}}},"fnMap":{},"branchMap":{},"s":{"0":1,"1":1,"2":1,"3":1,"4":1,"5":1,"6":1,"7":1,"8":1,"9":1,"10":1,"11":1,"12":1},"f":{},"b":{},"_coverageSchema":"1a1c01bbd47fc00a2c39e90264f33305004495a9","hash":"a22afaa8021a6ff988e400f564e8602f6e6313ea"}
,"/Users/idmcalculus/Documents/Task Manager App/task-manager-api/routes/users.js": {"path":"/Users/idmcalculus/Documents/Task Manager App/task-manager-api/routes/users.js","statementMap":{"0":{"start":{"line":1,"column":16},"end":{"line":1,"column":34}},"1":{"start":{"line":2,"column":23},"end":{"line":2,"column":63}},"2":{"start":{"line":3,"column":15},"end":{"line":3,"column":31}},"3":{"start":{"line":5,"column":32},"end":{"line":5,"column":62}},"4":{"start":{"line":6,"column":29},"end":{"line":6,"column":61}},"5":{"start":{"line":7,"column":31},"end":{"line":7,"column":70}},"6":{"start":{"line":37,"column":0},"end":{"line":37,"column":89}},"7":{"start":{"line":73,"column":0},"end":{"line":73,"column":83}},"8":{"start":{"line":97,"column":0},"end":{"line":97,"column":46}},"9":{"start":{"line":121,"column":0},"end":{"line":121,"column":59}},"10":{"start":{"line":145,"column":0},"end":{"line":145,"column":61}},"11":{"start":{"line":147,"column":0},"end":{"line":147,"column":24}}},"fnMap":{},"branchMap":{},"s":{"0":1,"1":1,"2":1,"3":1,"4":1,"5":1,"6":1,"7":1,"8":1,"9":1,"10":1,"11":1},"f":{},"b":{},"_coverageSchema":"1a1c01bbd47fc00a2c39e90264f33305004495a9","hash":"41c49800b48d60d1a68d67032cd71aadd7aeebac"}
,"/Users/idmcalculus/Documents/Task Manager App/task-manager-api/services/emailService.js": {"path":"/Users/idmcalculus/Documents/Task Manager App/task-manager-api/services/emailService.js","statementMap":{"0":{"start":{"line":1,"column":19},"end":{"line":1,"column":40}},"1":{"start":{"line":2,"column":20},"end":{"line":2,"column":46}},"2":{"start":{"line":4,"column":20},"end":{"line":4,"column":59}},"3":{"start":{"line":6,"column":0},"end":{"line":13,"column":2}},"4":{"start":{"line":7,"column":1},"end":{"line":12,"column":2}},"5":{"start":{"line":8,"column":15},"end":{"line":8,"column":96}},"6":{"start":{"line":9,"column":2},"end":{"line":9,"column":47}},"7":{"start":{"line":11,"column":2},"end":{"line":11,"column":49}}},"fnMap":{"0":{"name":"(anonymous_0)","decl":{"start":{"line":6,"column":20},"end":{"line":6,"column":21}},"loc":{"start":{"line":6,"column":49},"end":{"line":13,"column":1}},"line":6}},"branchMap":{},"s":{"0":1,"1":1,"2":1,"3":1,"4":1,"5":1,"6":0,"7":1},"f":{"0":1},"b":{},"_coverageSchema":"1a1c01bbd47fc00a2c39e90264f33305004495a9","hash":"21363e99576a193a5432347521e545d788cbd777"}
,"/Users/idmcalculus/Documents/Task Manager App/task-manager-api/utils/isValidDate.js": {"path":"/Users/idmcalculus/Documents/Task Manager App/task-manager-api/utils/isValidDate.js","statementMap":{"0":{"start":{"line":1,"column":0},"end":{"line":37,"column":1}},"1":{"start":{"line":3,"column":19},"end":{"line":3,"column":40}},"2":{"start":{"line":4,"column":23},"end":{"line":4,"column":56}},"3":{"start":{"line":6,"column":1},"end":{"line":8,"column":2}},"4":{"start":{"line":7,"column":2},"end":{"line":7,"column":15}},"5":{"start":{"line":11,"column":14},"end":{"line":11,"column":34}},"6":{"start":{"line":12,"column":1},"end":{"line":14,"column":2}},"7":{"start":{"line":13,"column":2},"end":{"line":13,"column":15}},"8":{"start":{"line":17,"column":20},"end":{"line":17,"column":41}},"9":{"start":{"line":18,"column":14},"end":{"line":18,"column":37}},"10":{"start":{"line":19,"column":15},"end":{"line":19,"column":38}},"11":{"start":{"line":20,"column":13},"end":{"line":20,"column":50}},"12":{"start":{"line":23,"column":1},"end":{"line":31,"column":2}},"13":{"start":{"line":24,"column":16},"end":{"line":24,"column":67}},"14":{"start":{"line":25,"column":18},"end":{"line":25,"column":69}},"15":{"start":{"line":26,"column":2},"end":{"line":30,"column":33}},"16":{"start":{"line":34,"column":1},"end":{"line":36,"column":25}}},"fnMap":{"0":{"name":"(anonymous_0)","decl":{"start":{"line":1,"column":22},"end":{"line":1,"column":23}},"loc":{"start":{"line":1,"column":38},"end":{"line":37,"column":1}},"line":1}},"branchMap":{"0":{"loc":{"start":{"line":6,"column":1},"end":{"line":8,"column":2}},"type":"if","locations":[{"start":{"line":6,"column":1},"end":{"line":8,"column":2}},{"start":{},"end":{}}],"line":6},"1":{"loc":{"start":{"line":6,"column":5},"end":{"line":6,"column":67}},"type":"binary-expr","locations":[{"start":{"line":6,"column":5},"end":{"line":6,"column":32}},{"start":{"line":6,"column":36},"end":{"line":6,"column":67}}],"line":6},"2":{"loc":{"start":{"line":12,"column":1},"end":{"line":14,"column":2}},"type":"if","locations":[{"start":{"line":12,"column":1},"end":{"line":14,"column":2}},{"start":{},"end":{}}],"line":12},"3":{"loc":{"start":{"line":23,"column":1},"end":{"line":31,"column":2}},"type":"if","locations":[{"start":{"line":23,"column":1},"end":{"line":31,"column":2}},{"start":{},"end":{}}],"line":23},"4":{"loc":{"start":{"line":26,"column":9},"end":{"line":30,"column":32}},"type":"binary-expr","locations":[{"start":{"line":26,"column":9},"end":{"line":26,"column":36}},{"start":{"line":27,"column":3},"end":{"line":27,"column":32}},{"start":{"line":28,"column":3},"end":{"line":28,"column":25}},{"start":{"line":29,"column":3},"end":{"line":29,"column":28}},{"start":{"line":30,"column":3},"end":{"line":30,"column":32}}],"line":26},"5":{"loc":{"start":{"line":34,"column":8},"end":{"line":36,"column":24}},"type":"binary-expr","locations":[{"start":{"line":34,"column":8},"end":{"line":34,"column":35}},{"start":{"line":35,"column":2},"end":{"line":35,"column":31}},{"start":{"line":36,"column":2},"end":{"line":36,"column":24}}],"line":34}},"s":{"0":1,"1":17,"2":17,"3":17,"4":1,"5":16,"6":16,"7":0,"8":16,"9":16,"10":16,"11":16,"12":16,"13":0,"14":0,"15":0,"16":16},"f":{"0":17},"b":{"0":[1,16],"1":[17,1],"2":[0,16],"3":[0,16],"4":[0,0,0,0,0],"5":[16,16,16]},"_coverageSchema":"1a1c01bbd47fc00a2c39e90264f33305004495a9","hash":"d983adf8ee3cdcd838336426fc8aed445403c76d"}
,"/Users/idmcalculus/Documents/Task Manager App/task-manager-api/utils/sanitization.js": {"path":"/Users/idmcalculus/Documents/Task Manager App/task-manager-api/utils/sanitization.js","statementMap":{"0":{"start":{"line":1,"column":21},"end":{"line":1,"column":45}},"1":{"start":{"line":3,"column":25},"end":{"line":20,"column":1}},"2":{"start":{"line":4,"column":1},"end":{"line":4,"column":53}},"3":{"start":{"line":5,"column":1},"end":{"line":5,"column":65}},"4":{"start":{"line":6,"column":1},"end":{"line":6,"column":55}},"5":{"start":{"line":7,"column":1},"end":{"line":7,"column":63}},"6":{"start":{"line":8,"column":1},"end":{"line":8,"column":57}},"7":{"start":{"line":9,"column":1},"end":{"line":9,"column":59}},"8":{"start":{"line":10,"column":1},"end":{"line":10,"column":61}},"9":{"start":{"line":13,"column":1},"end":{"line":17,"column":4}},"10":{"start":{"line":14,"column":2},"end":{"line":16,"column":3}},"11":{"start":{"line":15,"column":3},"end":{"line":15,"column":24}},"12":{"start":{"line":19,"column":1},"end":{"line":19,"column":8}},"13":{"start":{"line":22,"column":25},"end":{"line":27,"column":1}},"14":{"start":{"line":23,"column":1},"end":{"line":23,"column":53}},"15":{"start":{"line":24,"column":1},"end":{"line":24,"column":47}},"16":{"start":{"line":25,"column":1},"end":{"line":25,"column":53}},"17":{"start":{"line":26,"column":1},"end":{"line":26,"column":8}},"18":{"start":{"line":29,"column":0},"end":{"line":32,"column":2}}},"fnMap":{"0":{"name":"(anonymous_0)","decl":{"start":{"line":3,"column":25},"end":{"line":3,"column":26}},"loc":{"start":{"line":3,"column":45},"end":{"line":20,"column":1}},"line":3},"1":{"name":"(anonymous_1)","decl":{"start":{"line":13,"column":31},"end":{"line":13,"column":32}},"loc":{"start":{"line":13,"column":38},"end":{"line":17,"column":2}},"line":13},"2":{"name":"(anonymous_2)","decl":{"start":{"line":22,"column":25},"end":{"line":22,"column":26}},"loc":{"start":{"line":22,"column":45},"end":{"line":27,"column":1}},"line":22}},"branchMap":{"0":{"loc":{"start":{"line":4,"column":31},"end":{"line":4,"column":51}},"type":"binary-expr","locations":[{"start":{"line":4,"column":31},"end":{"line":4,"column":45}},{"start":{"line":4,"column":49},"end":{"line":4,"column":51}}],"line":4},"1":{"loc":{"start":{"line":5,"column":37},"end":{"line":5,"column":63}},"type":"binary-expr","locations":[{"start":{"line":5,"column":37},"end":{"line":5,"column":57}},{"start":{"line":5,"column":61},"end":{"line":5,"column":63}}],"line":5},"2":{"loc":{"start":{"line":6,"column":32},"end":{"line":6,"column":53}},"type":"binary-expr","locations":[{"start":{"line":6,"column":32},"end":{"line":6,"column":47}},{"start":{"line":6,"column":51},"end":{"line":6,"column":53}}],"line":6},"3":{"loc":{"start":{"line":7,"column":36},"end":{"line":7,"column":61}},"type":"binary-expr","locations":[{"start":{"line":7,"column":36},"end":{"line":7,"column":55}},{"start":{"line":7,"column":59},"end":{"line":7,"column":61}}],"line":7},"4":{"loc":{"start":{"line":8,"column":33},"end":{"line":8,"column":55}},"type":"binary-expr","locations":[{"start":{"line":8,"column":33},"end":{"line":8,"column":49}},{"start":{"line":8,"column":53},"end":{"line":8,"column":55}}],"line":8},"5":{"loc":{"start":{"line":9,"column":34},"end":{"line":9,"column":57}},"type":"binary-expr","locations":[{"start":{"line":9,"column":34},"end":{"line":9,"column":51}},{"start":{"line":9,"column":55},"end":{"line":9,"column":57}}],"line":9},"6":{"loc":{"start":{"line":10,"column":35},"end":{"line":10,"column":59}},"type":"binary-expr","locations":[{"start":{"line":10,"column":35},"end":{"line":10,"column":53}},{"start":{"line":10,"column":57},"end":{"line":10,"column":59}}],"line":10},"7":{"loc":{"start":{"line":14,"column":2},"end":{"line":16,"column":3}},"type":"if","locations":[{"start":{"line":14,"column":2},"end":{"line":16,"column":3}},{"start":{},"end":{}}],"line":14}},"s":{"0":1,"1":1,"2":23,"3":23,"4":23,"5":23,"6":23,"7":23,"8":23,"9":23,"10":161,"11":108,"12":23,"13":1,"14":5,"15":5,"16":5,"17":5,"18":1},"f":{"0":23,"1":161,"2":5},"b":{"0":[23,4],"1":[23,18],"2":[23,14],"3":[23,21],"4":[23,6],"5":[23,22],"6":[23,23],"7":[108,53]},"_coverageSchema":"1a1c01bbd47fc00a2c39e90264f33305004495a9","hash":"f89e23a214e12fb74dda1160128c74c5268716ed"}
,"/Users/idmcalculus/Documents/Task Manager App/task-manager-api/utils/validation.js": {"path":"/Users/idmcalculus/Documents/Task Manager App/task-manager-api/utils/validation.js","statementMap":{"0":{"start":{"line":1,"column":18},"end":{"line":1,"column":46}},"1":{"start":{"line":3,"column":28},"end":{"line":45,"column":1}},"2":{"start":{"line":33,"column":3},"end":{"line":35,"column":4}},"3":{"start":{"line":34,"column":4},"end":{"line":34,"column":16}},"4":{"start":{"line":36,"column":29},"end":{"line":36,"column":62}},"5":{"start":{"line":37,"column":15},"end":{"line":37,"column":64}},"6":{"start":{"line":38,"column":3},"end":{"line":38,"column":42}},"7":{"start":{"line":47,"column":28},"end":{"line":62,"column":1}},"8":{"start":{"line":64,"column":0},"end":{"line":67,"column":2}}},"fnMap":{"0":{"name":"(anonymous_0)","decl":{"start":{"line":32,"column":10},"end":{"line":32,"column":11}},"loc":{"start":{"line":32,"column":30},"end":{"line":39,"column":3}},"line":32}},"branchMap":{"0":{"loc":{"start":{"line":33,"column":3},"end":{"line":35,"column":4}},"type":"if","locations":[{"start":{"line":33,"column":3},"end":{"line":35,"column":4}},{"start":{},"end":{}}],"line":33}},"s":{"0":1,"1":1,"2":0,"3":0,"4":0,"5":0,"6":0,"7":1,"8":1},"f":{"0":0},"b":{"0":[0,0]},"_coverageSchema":"1a1c01bbd47fc00a2c39e90264f33305004495a9","hash":"e6f3ff10ec0cb5bfe3dee56e591baba4a8238ad8"}
,"/Users/idmcalculus/Documents/Task Manager App/task-manager-api/utils/welcomeHTML.js": {"path":"/Users/idmcalculus/Documents/Task Manager App/task-manager-api/utils/welcomeHTML.js","statementMap":{"0":{"start":{"line":1,"column":0},"end":{"line":69,"column":1}},"1":{"start":{"line":2,"column":1},"end":{"line":68,"column":2}}},"fnMap":{"0":{"name":"(anonymous_0)","decl":{"start":{"line":1,"column":22},"end":{"line":1,"column":23}},"loc":{"start":{"line":1,"column":28},"end":{"line":69,"column":1}},"line":1}},"branchMap":{},"s":{"0":1,"1":0},"f":{"0":0},"b":{},"_coverageSchema":"1a1c01bbd47fc00a2c39e90264f33305004495a9","hash":"5b13bc057808396e6ba14f8f9c5de0397b21b429"}
}
