TN:
SF:index.js
FN:34,(anonymous_0)
FN:74,(anonymous_1)
FN:78,(anonymous_2)
FN:84,(anonymous_3)
FN:88,(anonymous_4)
FN:93,(anonymous_5)
FNF:6
FNH:2
FNDA:83,(anonymous_0)
FNDA:0,(anonymous_1)
FNDA:0,(anonymous_2)
FNDA:3,(anonymous_3)
FNDA:0,(anonymous_4)
FNDA:0,(anonymous_5)
DA:1,3
DA:2,3
DA:3,3
DA:4,3
DA:5,3
DA:6,3
DA:7,3
DA:8,3
DA:9,3
DA:11,3
DA:12,3
DA:13,3
DA:14,3
DA:15,3
DA:18,3
DA:19,3
DA:21,3
DA:27,3
DA:29,3
DA:31,3
DA:32,3
DA:33,3
DA:35,83
DA:36,83
DA:38,0
DA:45,3
DA:46,3
DA:61,3
DA:64,3
DA:65,3
DA:68,3
DA:69,3
DA:72,3
DA:74,3
DA:75,0
DA:78,3
DA:79,0
DA:83,3
DA:86,3
DA:87,0
DA:88,0
DA:89,0
DA:94,0
DA:97,3
LF:44
LH:37
BRDA:35,0,0,83
BRDA:35,0,1,0
BRDA:35,1,0,83
BRDA:35,1,1,83
BRDA:86,2,0,0
BRDA:86,2,1,3
BRDA:87,3,0,0
BRDA:87,3,1,0
BRF:8
BRH:4
end_of_record
TN:
SF:swagger.js
FNF:0
FNH:0
DA:1,3
DA:3,3
DA:115,3
DA:116,3
LF:4
LH:4
BRF:0
BRH:0
end_of_record
TN:
SF:controllers/taskController.js
FN:10,(anonymous_0)
FN:68,(anonymous_1)
FN:86,(anonymous_2)
FN:135,(anonymous_3)
FN:207,(anonymous_4)
FNF:5
FNH:2
FNDA:8,(anonymous_0)
FNDA:2,(anonymous_1)
FNDA:0,(anonymous_2)
FNDA:0,(anonymous_3)
FNDA:0,(anonymous_4)
DA:1,3
DA:2,3
DA:3,3
DA:4,3
DA:5,3
DA:6,3
DA:8,3
DA:10,3
DA:11,8
DA:12,8
DA:14,8
DA:15,8
DA:17,8
DA:20,8
DA:21,8
DA:27,8
DA:28,1
DA:35,1
DA:40,8
DA:41,2
DA:44,8
DA:45,0
DA:48,8
DA:56,8
DA:58,8
DA:64,0
DA:68,3
DA:69,2
DA:70,2
DA:76,2
DA:77,0
DA:80,2
DA:82,0
DA:86,3
DA:87,0
DA:88,0
DA:89,0
DA:91,0
DA:92,0
DA:95,0
DA:96,0
DA:99,0
DA:100,0
DA:101,0
DA:102,0
DA:106,0
DA:108,0
DA:115,0
DA:118,0
DA:119,0
DA:120,0
DA:128,0
DA:130,0
DA:131,0
DA:135,3
DA:136,0
DA:137,0
DA:139,0
DA:140,0
DA:143,0
DA:145,0
DA:146,0
DA:147,0
DA:148,0
DA:150,0
DA:151,0
DA:153,0
DA:156,0
DA:157,0
DA:158,0
DA:159,0
DA:161,0
DA:162,0
DA:166,0
DA:167,0
DA:168,0
DA:169,0
DA:173,0
DA:174,0
DA:177,0
DA:179,0
DA:180,0
DA:181,0
DA:189,0
DA:190,0
DA:191,0
DA:198,0
DA:200,0
DA:201,0
DA:205,3
DA:207,3
DA:208,0
DA:210,0
DA:211,0
DA:212,0
DA:216,0
DA:217,0
DA:221,0
DA:222,0
DA:224,0
LF:100
LH:33
BRDA:14,0,0,0
BRDA:14,0,1,8
BRDA:20,1,0,8
BRDA:20,1,1,0
BRDA:27,2,0,1
BRDA:27,2,1,7
BRDA:35,3,0,1
BRDA:35,3,1,0
BRDA:40,4,0,2
BRDA:40,4,1,6
BRDA:44,5,0,0
BRDA:44,5,1,8
BRDA:76,6,0,0
BRDA:76,6,1,2
BRDA:91,7,0,0
BRDA:91,7,1,0
BRDA:91,8,0,0
BRDA:91,8,1,0
BRDA:95,9,0,0
BRDA:95,9,1,0
BRDA:99,10,0,0
BRDA:99,10,1,0
BRDA:99,11,0,0
BRDA:99,11,1,0
BRDA:101,12,0,0
BRDA:101,12,1,0
BRDA:110,13,0,0
BRDA:110,13,1,0
BRDA:112,14,0,0
BRDA:112,14,1,0
BRDA:112,15,0,0
BRDA:112,15,1,0
BRDA:118,16,0,0
BRDA:118,16,1,0
BRDA:139,17,0,0
BRDA:139,17,1,0
BRDA:145,18,0,0
BRDA:145,18,1,0
BRDA:146,19,0,0
BRDA:146,19,1,0
BRDA:147,20,0,0
BRDA:147,20,1,0
BRDA:148,21,0,0
BRDA:148,21,1,0
BRDA:156,22,0,0
BRDA:156,22,1,0
BRDA:156,23,0,0
BRDA:156,23,1,0
BRDA:156,23,2,0
BRDA:158,24,0,0
BRDA:158,24,1,0
BRDA:166,25,0,0
BRDA:166,25,1,0
BRDA:166,26,0,0
BRDA:166,26,1,0
BRDA:168,27,0,0
BRDA:168,27,1,0
BRDA:173,28,0,0
BRDA:173,28,1,0
BRDA:179,29,0,0
BRDA:179,29,1,0
BRDA:189,30,0,0
BRDA:189,30,1,0
BRDA:211,31,0,0
BRDA:211,31,1,0
BRDA:216,32,0,0
BRDA:216,32,1,0
BRF:67
BRH:9
end_of_record
TN:
SF:controllers/userController.js
FN:7,isStrongPassword
FN:12,isValidEmailFormat
FN:17,(anonymous_2)
FN:67,(anonymous_3)
FN:121,(anonymous_4)
FN:136,(anonymous_5)
FN:147,(anonymous_6)
FNF:7
FNH:7
FNDA:8,isStrongPassword
FNDA:8,isValidEmailFormat
FNDA:8,(anonymous_2)
FNDA:9,(anonymous_3)
FNDA:4,(anonymous_4)
FNDA:1,(anonymous_5)
FNDA:1,(anonymous_6)
DA:1,3
DA:2,3
DA:3,3
DA:4,3
DA:8,8
DA:13,8
DA:14,8
DA:17,3
DA:18,8
DA:19,8
DA:21,8
DA:22,0
DA:25,8
DA:26,0
DA:29,8
DA:30,0
DA:33,8
DA:34,0
DA:37,8
DA:38,8
DA:40,8
DA:44,8
DA:45,1
DA:48,7
DA:54,7
DA:57,7
DA:63,0
DA:67,3
DA:68,9
DA:69,9
DA:71,9
DA:72,0
DA:75,9
DA:77,9
DA:79,9
DA:80,1
DA:83,8
DA:85,8
DA:86,1
DA:91,7
DA:97,7
DA:105,7
DA:116,0
DA:117,0
DA:121,3
DA:122,4
DA:123,4
DA:125,4
DA:126,2
DA:128,2
DA:131,0
DA:132,0
DA:136,3
DA:137,1
DA:138,1
DA:139,1
DA:140,1
DA:141,1
DA:143,0
DA:147,3
DA:148,1
DA:149,1
DA:150,1
DA:157,1
DA:158,0
DA:161,1
DA:163,0
LF:67
LH:54
BRDA:8,0,0,8
BRDA:8,0,1,8
BRDA:21,1,0,0
BRDA:21,1,1,8
BRDA:25,2,0,0
BRDA:25,2,1,8
BRDA:25,3,0,8
BRDA:25,3,1,8
BRDA:29,4,0,0
BRDA:29,4,1,8
BRDA:33,5,0,0
BRDA:33,5,1,8
BRDA:44,6,0,1
BRDA:44,6,1,7
BRDA:71,7,0,0
BRDA:71,7,1,9
BRDA:71,8,0,9
BRDA:71,8,1,9
BRDA:79,9,0,1
BRDA:79,9,1,8
BRDA:85,10,0,1
BRDA:85,10,1,7
BRDA:125,11,0,2
BRDA:125,11,1,2
BRDA:157,12,0,0
BRDA:157,12,1,1
BRF:26
BRH:20
end_of_record
TN:
SF:database/connection.js
FN:6,(anonymous_0)
FNF:1
FNH:1
FNDA:3,(anonymous_0)
DA:1,3
DA:2,3
DA:4,3
DA:6,3
DA:7,3
DA:8,3
DA:9,3
DA:11,0
DA:15,3
LF:9
LH:8
BRF:0
BRH:0
end_of_record
TN:
SF:middleware/authMiddleware.js
FN:5,(anonymous_0)
FN:30,(anonymous_1)
FN:38,(anonymous_2)
FNF:3
FNH:3
FNDA:57,(anonymous_0)
FNDA:3,(anonymous_1)
FNDA:16,(anonymous_2)
DA:1,3
DA:2,3
DA:3,3
DA:5,3
DA:6,57
DA:8,57
DA:9,36
DA:10,36
DA:14,21
DA:15,21
DA:16,9
DA:19,12
DA:20,12
DA:22,11
DA:23,11
DA:25,1
DA:30,3
DA:31,3
DA:32,2
DA:34,1
DA:38,3
DA:39,16
DA:41,16
DA:42,1
DA:46,15
DA:47,0
DA:51,15
DA:52,15
DA:54,0
DA:57,15
DA:58,5
DA:59,3
DA:62,2
DA:64,1
DA:67,1
DA:69,10
LF:36
LH:34
BRDA:8,0,0,36
BRDA:8,0,1,21
BRDA:8,1,0,57
BRDA:8,1,1,57
BRDA:14,2,0,21
BRDA:14,2,1,9
BRDA:15,3,0,9
BRDA:15,3,1,12
BRDA:31,4,0,2
BRDA:31,4,1,1
BRDA:31,5,0,3
BRDA:31,5,1,3
BRDA:41,6,0,1
BRDA:41,6,1,15
BRDA:46,7,0,0
BRDA:46,7,1,15
BRDA:52,8,0,0
BRDA:52,8,1,15
BRDA:58,9,0,3
BRDA:58,9,1,2
BRDA:62,10,0,1
BRDA:62,10,1,1
BRDA:62,11,0,2
BRDA:62,11,1,1
BRDA:62,11,2,0
BRF:25
BRH:22
end_of_record
TN:
SF:middleware/errorHandler.js
FN:2,(anonymous_0)
FN:9,(anonymous_1)
FNF:2
FNH:2
FNDA:56,(anonymous_0)
FNDA:55,(anonymous_1)
DA:3,56
DA:4,56
DA:5,56
DA:9,3
DA:10,55
DA:12,55
DA:19,3
LF:7
LH:7
BRDA:12,0,0,55
BRDA:12,0,1,0
BRDA:14,1,0,55
BRDA:14,1,1,0
BRDA:15,2,0,55
BRDA:15,2,1,0
BRF:6
BRH:3
end_of_record
TN:
SF:middleware/validationMiddleware.js
FN:8,(anonymous_0)
FN:11,(anonymous_1)
FNF:2
FNH:2
FNDA:41,(anonymous_0)
FNDA:27,(anonymous_1)
DA:1,3
DA:2,3
DA:8,3
DA:9,41
DA:10,41
DA:11,27
DA:12,24
DA:14,17
DA:17,3
LF:9
LH:9
BRDA:10,0,0,24
BRDA:10,0,1,17
BRF:2
BRH:2
end_of_record
TN:
SF:models/Task.js
FN:23,(anonymous_0)
FN:34,(anonymous_1)
FNF:2
FNH:2
FNDA:8,(anonymous_0)
FNDA:5,(anonymous_1)
DA:1,3
DA:3,3
DA:23,8
DA:33,3
DA:35,5
DA:36,5
DA:37,5
DA:41,3
LF:8
LH:8
BRDA:23,0,0,0
BRDA:23,0,1,8
BRDA:23,1,0,8
BRDA:23,1,1,8
BRDA:23,1,2,8
BRF:5
BRH:4
end_of_record
TN:
SF:models/User.js
FN:12,(anonymous_0)
FN:19,(anonymous_1)
FN:20,(anonymous_2)
FN:27,(anonymous_3)
FNF:4
FNH:2
FNDA:10,(anonymous_0)
FNDA:0,(anonymous_1)
FNDA:0,(anonymous_2)
FNDA:7,(anonymous_3)
DA:1,3
DA:2,3
DA:4,3
DA:12,3
DA:13,10
DA:14,10
DA:16,10
DA:19,3
DA:20,0
DA:21,0
DA:22,0
DA:26,3
DA:28,7
DA:29,7
DA:30,7
DA:34,3
LF:16
LH:13
BRDA:13,0,0,10
BRDA:13,0,1,0
BRDA:21,1,0,0
BRDA:21,1,1,0
BRF:4
BRH:1
end_of_record
TN:
SF:routes/tasks.js
FNF:0
FNH:0
DA:1,3
DA:2,3
DA:3,3
DA:4,3
DA:5,3
DA:6,3
DA:7,3
DA:9,3
DA:41,3
DA:79,3
DA:139,3
DA:218,3
DA:272,3
DA:274,3
LF:14
LH:14
BRF:0
BRH:0
end_of_record
TN:
SF:routes/users.js
FNF:0
FNH:0
DA:1,3
DA:2,3
DA:3,3
DA:5,3
DA:6,3
DA:7,3
DA:8,3
DA:38,3
DA:74,3
DA:98,3
DA:122,3
DA:146,3
DA:148,3
LF:13
LH:13
BRF:0
BRH:0
end_of_record
TN:
SF:services/emailService.js
FN:6,(anonymous_0)
FNF:1
FNH:0
FNDA:0,(anonymous_0)
DA:1,3
DA:2,3
DA:4,3
DA:6,3
DA:7,0
DA:8,0
DA:9,0
DA:11,0
LF:8
LH:4
BRF:0
BRH:0
end_of_record
TN:
SF:utils/isValidDate.js
FN:1,(anonymous_0)
FNF:1
FNH:0
FNDA:0,(anonymous_0)
DA:1,3
DA:3,0
DA:4,0
DA:6,0
DA:7,0
DA:11,0
DA:12,0
DA:13,0
DA:17,0
DA:18,0
DA:19,0
DA:20,0
DA:23,0
DA:24,0
DA:25,0
DA:26,0
DA:34,0
LF:17
LH:1
BRDA:6,0,0,0
BRDA:6,0,1,0
BRDA:6,1,0,0
BRDA:6,1,1,0
BRDA:12,2,0,0
BRDA:12,2,1,0
BRDA:23,3,0,0
BRDA:23,3,1,0
BRDA:26,4,0,0
BRDA:26,4,1,0
BRDA:26,4,2,0
BRDA:26,4,3,0
BRDA:26,4,4,0
BRDA:34,5,0,0
BRDA:34,5,1,0
BRDA:34,5,2,0
BRF:16
BRH:0
end_of_record
TN:
SF:utils/sanitization.js
FN:3,(anonymous_0)
FN:22,(anonymous_1)
FN:31,(anonymous_2)
FNF:3
FNH:3
FNDA:20,(anonymous_0)
FNDA:120,(anonymous_1)
FNDA:21,(anonymous_2)
DA:1,3
DA:3,3
DA:4,20
DA:5,20
DA:6,20
DA:9,20
DA:11,20
DA:12,0
DA:13,20
DA:14,0
DA:17,20
DA:18,20
DA:19,20
DA:22,20
DA:23,120
DA:24,69
DA:28,20
DA:31,3
DA:33,21
DA:34,10
DA:36,21
DA:37,21
DA:38,21
DA:41,3
LF:24
LH:22
BRDA:4,0,0,20
BRDA:4,0,1,2
BRDA:5,1,0,20
BRDA:5,1,1,14
BRDA:6,2,0,20
BRDA:6,2,1,12
BRDA:9,3,0,0
BRDA:9,3,1,20
BRDA:11,4,0,0
BRDA:11,4,1,20
BRDA:11,5,0,20
BRDA:11,5,1,20
BRDA:13,6,0,0
BRDA:13,6,1,20
BRDA:17,7,0,20
BRDA:17,7,1,2
BRDA:18,8,0,20
BRDA:18,8,1,19
BRDA:19,9,0,20
BRDA:19,9,1,20
BRDA:23,10,0,69
BRDA:23,10,1,51
BRDA:33,11,0,10
BRDA:33,11,1,11
BRDA:36,12,0,21
BRDA:36,12,1,1
BRDA:37,13,0,21
BRDA:37,13,1,1
BRF:28
BRH:25
end_of_record
TN:
SF:utils/validation.js
FN:20,(anonymous_0)
FN:39,(anonymous_1)
FNF:2
FNH:2
FNDA:2,(anonymous_0)
FNDA:7,(anonymous_1)
DA:1,4
DA:2,4
DA:4,4
DA:22,2
DA:23,0
DA:26,2
DA:41,7
DA:42,1
DA:45,6
DA:47,6
DA:49,6
DA:58,4
DA:76,4
DA:88,4
LF:14
LH:13
BRDA:22,0,0,0
BRDA:22,0,1,2
BRDA:22,1,0,2
BRDA:22,1,1,2
BRDA:22,1,2,2
BRDA:41,2,0,1
BRDA:41,2,1,6
BRF:7
BRH:6
end_of_record
TN:
SF:utils/welcomeHTML.js
FN:1,(anonymous_0)
FNF:1
FNH:0
FNDA:0,(anonymous_0)
DA:1,3
DA:2,0
LF:2
LH:1
BRF:0
BRH:0
end_of_record
