TN:
SF:index.js
FN:34,(anonymous_0)
FN:75,(anonymous_1)
FN:79,(anonymous_2)
FN:85,(anonymous_3)
FN:89,(anonymous_4)
FN:94,(anonymous_5)
FNF:6
FNH:2
FNDA:51,(anonymous_0)
FNDA:0,(anonymous_1)
FNDA:0,(anonymous_2)
FNDA:1,(anonymous_3)
FNDA:0,(anonymous_4)
FNDA:0,(anonymous_5)
DA:1,1
DA:2,1
DA:3,1
DA:4,1
DA:5,1
DA:6,1
DA:7,1
DA:8,1
DA:9,1
DA:11,1
DA:12,1
DA:13,1
DA:14,1
DA:15,1
DA:18,1
DA:19,1
DA:21,1
DA:27,1
DA:29,1
DA:31,1
DA:32,1
DA:33,1
DA:35,51
DA:36,51
DA:38,0
DA:45,1
DA:46,1
DA:61,1
DA:64,1
DA:65,1
DA:66,1
DA:69,1
DA:70,1
DA:73,1
DA:75,1
DA:76,0
DA:79,1
DA:80,0
DA:84,1
DA:87,1
DA:88,0
DA:89,0
DA:90,0
DA:95,0
DA:98,1
LF:45
LH:38
BRDA:35,0,0,51
BRDA:35,0,1,0
BRDA:35,1,0,51
BRDA:35,1,1,51
BRDA:87,2,0,0
BRDA:87,2,1,1
BRDA:88,3,0,0
BRDA:88,3,1,0
BRF:8
BRH:4
end_of_record
TN:
SF:swagger.js
FNF:0
FNH:0
DA:1,1
DA:3,1
DA:115,1
DA:116,1
LF:4
LH:4
BRF:0
BRH:0
end_of_record
TN:
SF:controllers/taskController.js
FN:10,(anonymous_0)
FN:68,(anonymous_1)
FN:86,(anonymous_2)
FN:134,(anonymous_3)
FN:204,(anonymous_4)
FNF:5
FNH:5
FNDA:5,(anonymous_0)
FNDA:1,(anonymous_1)
FNDA:19,(anonymous_2)
FNDA:4,(anonymous_3)
FNDA:2,(anonymous_4)
DA:1,1
DA:2,1
DA:3,1
DA:4,1
DA:5,1
DA:6,1
DA:8,1
DA:10,1
DA:11,5
DA:12,5
DA:14,5
DA:15,5
DA:17,5
DA:20,5
DA:21,5
DA:27,5
DA:28,1
DA:35,1
DA:40,5
DA:41,2
DA:44,5
DA:45,0
DA:48,5
DA:56,5
DA:58,5
DA:64,0
DA:68,1
DA:69,1
DA:70,1
DA:76,1
DA:77,0
DA:80,1
DA:82,0
DA:86,1
DA:87,19
DA:88,19
DA:90,19
DA:91,2
DA:94,17
DA:95,1
DA:98,16
DA:99,0
DA:100,0
DA:101,0
DA:105,16
DA:107,16
DA:114,16
DA:117,16
DA:118,0
DA:119,0
DA:127,16
DA:129,0
DA:130,0
DA:134,1
DA:135,4
DA:136,4
DA:138,4
DA:139,0
DA:142,4
DA:144,4
DA:145,4
DA:146,4
DA:147,4
DA:149,4
DA:150,4
DA:152,4
DA:155,3
DA:156,1
DA:157,1
DA:158,0
DA:160,1
DA:161,1
DA:165,3
DA:166,2
DA:167,2
DA:168,0
DA:172,3
DA:173,0
DA:176,3
DA:178,3
DA:179,1
DA:180,1
DA:188,3
DA:189,0
DA:190,0
DA:197,3
DA:199,1
DA:200,1
DA:204,1
DA:205,2
DA:206,2
DA:207,2
DA:208,0
DA:210,2
DA:212,0
LF:95
LH:76
BRDA:14,0,0,0
BRDA:14,0,1,5
BRDA:20,1,0,5
BRDA:20,1,1,0
BRDA:27,2,0,1
BRDA:27,2,1,4
BRDA:35,3,0,1
BRDA:35,3,1,0
BRDA:40,4,0,2
BRDA:40,4,1,3
BRDA:44,5,0,0
BRDA:44,5,1,5
BRDA:76,6,0,0
BRDA:76,6,1,1
BRDA:90,7,0,2
BRDA:90,7,1,17
BRDA:90,8,0,19
BRDA:90,8,1,17
BRDA:94,9,0,1
BRDA:94,9,1,16
BRDA:98,10,0,0
BRDA:98,10,1,16
BRDA:100,11,0,0
BRDA:100,11,1,0
BRDA:109,12,0,16
BRDA:109,12,1,0
BRDA:111,13,0,0
BRDA:111,13,1,16
BRDA:117,14,0,0
BRDA:117,14,1,16
BRDA:138,15,0,0
BRDA:138,15,1,4
BRDA:144,16,0,2
BRDA:144,16,1,2
BRDA:145,17,0,0
BRDA:145,17,1,4
BRDA:146,18,0,0
BRDA:146,18,1,4
BRDA:147,19,0,0
BRDA:147,19,1,4
BRDA:155,20,0,1
BRDA:155,20,1,2
BRDA:155,21,0,3
BRDA:155,21,1,1
BRDA:157,22,0,0
BRDA:157,22,1,1
BRDA:165,23,0,2
BRDA:165,23,1,1
BRDA:165,24,0,3
BRDA:165,24,1,2
BRDA:167,25,0,0
BRDA:167,25,1,2
BRDA:172,26,0,0
BRDA:172,26,1,3
BRDA:178,27,0,1
BRDA:178,27,1,2
BRDA:188,28,0,0
BRDA:188,28,1,3
BRDA:207,29,0,0
BRDA:207,29,1,2
BRF:60
BRH:40
end_of_record
TN:
SF:controllers/userController.js
FN:7,isStrongPassword
FN:12,isValidEmailFormat
FN:17,(anonymous_2)
FN:67,(anonymous_3)
FN:111,(anonymous_4)
FN:126,(anonymous_5)
FN:137,(anonymous_6)
FNF:7
FNH:5
FNDA:3,isStrongPassword
FNDA:3,isValidEmailFormat
FNDA:3,(anonymous_2)
FNDA:2,(anonymous_3)
FNDA:2,(anonymous_4)
FNDA:0,(anonymous_5)
FNDA:0,(anonymous_6)
DA:1,1
DA:2,1
DA:3,1
DA:4,1
DA:8,3
DA:13,3
DA:14,3
DA:17,1
DA:18,3
DA:19,3
DA:21,3
DA:22,0
DA:25,3
DA:26,0
DA:29,3
DA:30,0
DA:33,3
DA:34,0
DA:37,3
DA:38,3
DA:40,3
DA:44,3
DA:45,0
DA:48,3
DA:54,3
DA:57,3
DA:63,0
DA:67,1
DA:68,2
DA:69,2
DA:71,2
DA:72,0
DA:75,2
DA:77,2
DA:79,2
DA:80,0
DA:83,2
DA:85,2
DA:86,0
DA:91,2
DA:97,2
DA:104,2
DA:106,0
DA:107,0
DA:111,1
DA:112,2
DA:113,2
DA:115,2
DA:116,2
DA:118,0
DA:121,0
DA:122,0
DA:126,1
DA:127,0
DA:128,0
DA:129,0
DA:130,0
DA:131,0
DA:133,0
DA:137,1
DA:138,0
DA:139,0
DA:140,0
DA:147,0
DA:148,0
DA:151,0
DA:153,0
LF:67
LH:40
BRDA:8,0,0,3
BRDA:8,0,1,3
BRDA:21,1,0,0
BRDA:21,1,1,3
BRDA:25,2,0,0
BRDA:25,2,1,3
BRDA:25,3,0,3
BRDA:25,3,1,3
BRDA:29,4,0,0
BRDA:29,4,1,3
BRDA:33,5,0,0
BRDA:33,5,1,3
BRDA:44,6,0,0
BRDA:44,6,1,3
BRDA:71,7,0,0
BRDA:71,7,1,2
BRDA:71,8,0,2
BRDA:71,8,1,2
BRDA:79,9,0,0
BRDA:79,9,1,2
BRDA:85,10,0,0
BRDA:85,10,1,2
BRDA:115,11,0,2
BRDA:115,11,1,0
BRDA:147,12,0,0
BRDA:147,12,1,0
BRF:26
BRH:15
end_of_record
TN:
SF:database/connection.js
FN:6,(anonymous_0)
FNF:1
FNH:1
FNDA:1,(anonymous_0)
DA:1,1
DA:2,1
DA:4,1
DA:6,1
DA:7,1
DA:8,1
DA:9,1
DA:11,0
DA:15,1
LF:9
LH:8
BRF:0
BRH:0
end_of_record
TN:
SF:middleware/authMiddleware.js
FN:5,(anonymous_0)
FN:29,(anonymous_1)
FN:37,(anonymous_2)
FNF:3
FNH:2
FNDA:44,(anonymous_0)
FNDA:0,(anonymous_1)
FNDA:12,(anonymous_2)
DA:1,1
DA:2,1
DA:3,1
DA:5,1
DA:6,44
DA:8,44
DA:9,36
DA:10,36
DA:14,8
DA:15,8
DA:16,8
DA:19,0
DA:20,0
DA:21,0
DA:22,0
DA:24,0
DA:29,1
DA:30,0
DA:31,0
DA:33,0
DA:37,1
DA:38,12
DA:40,12
DA:41,0
DA:45,12
DA:46,0
DA:50,12
DA:51,12
DA:53,0
DA:56,12
DA:57,12
DA:58,3
DA:61,9
DA:63,7
DA:66,2
DA:68,0
LF:36
LH:24
BRDA:8,0,0,36
BRDA:8,0,1,8
BRDA:8,1,0,44
BRDA:8,1,1,44
BRDA:14,2,0,8
BRDA:14,2,1,8
BRDA:15,3,0,8
BRDA:15,3,1,0
BRDA:30,4,0,0
BRDA:30,4,1,0
BRDA:30,5,0,0
BRDA:30,5,1,0
BRDA:40,6,0,0
BRDA:40,6,1,12
BRDA:45,7,0,0
BRDA:45,7,1,12
BRDA:51,8,0,0
BRDA:51,8,1,12
BRDA:57,9,0,3
BRDA:57,9,1,9
BRDA:61,10,0,7
BRDA:61,10,1,2
BRDA:61,11,0,9
BRDA:61,11,1,2
BRDA:61,11,2,2
BRF:25
BRH:17
end_of_record
TN:
SF:middleware/errorHandler.js
FN:2,(anonymous_0)
FN:9,(anonymous_1)
FNF:2
FNH:2
FNDA:17,(anonymous_0)
FNDA:17,(anonymous_1)
DA:3,17
DA:4,17
DA:5,17
DA:9,1
DA:10,17
DA:12,17
DA:19,1
LF:7
LH:7
BRDA:12,0,0,17
BRDA:12,0,1,0
BRDA:14,1,0,17
BRDA:14,1,1,0
BRDA:15,2,0,17
BRDA:15,2,1,0
BRF:6
BRH:3
end_of_record
TN:
SF:models/Task.js
FN:34,(anonymous_0)
FNF:1
FNH:1
FNDA:25,(anonymous_0)
DA:1,1
DA:3,1
DA:33,1
DA:35,25
DA:36,25
DA:37,25
DA:41,1
LF:7
LH:7
BRF:0
BRH:0
end_of_record
TN:
SF:models/User.js
FN:12,(anonymous_0)
FN:19,(anonymous_1)
FN:20,(anonymous_2)
FN:27,(anonymous_3)
FNF:4
FNH:2
FNDA:4,(anonymous_0)
FNDA:0,(anonymous_1)
FNDA:0,(anonymous_2)
FNDA:12,(anonymous_3)
DA:1,1
DA:2,1
DA:4,1
DA:12,1
DA:13,4
DA:14,4
DA:16,4
DA:19,1
DA:20,0
DA:21,0
DA:22,0
DA:26,1
DA:28,12
DA:29,12
DA:30,12
DA:34,1
LF:16
LH:13
BRDA:13,0,0,4
BRDA:13,0,1,0
BRDA:21,1,0,0
BRDA:21,1,1,0
BRF:4
BRH:1
end_of_record
TN:
SF:routes/tasks.js
FNF:0
FNH:0
DA:1,1
DA:2,1
DA:3,1
DA:4,1
DA:5,1
DA:6,1
DA:8,1
DA:40,1
DA:78,1
DA:138,1
DA:216,1
DA:269,1
DA:271,1
LF:13
LH:13
BRF:0
BRH:0
end_of_record
TN:
SF:routes/users.js
FNF:0
FNH:0
DA:1,1
DA:2,1
DA:3,1
DA:5,1
DA:6,1
DA:7,1
DA:37,1
DA:73,1
DA:97,1
DA:121,1
DA:145,1
DA:147,1
LF:12
LH:12
BRF:0
BRH:0
end_of_record
TN:
SF:services/emailService.js
FN:6,(anonymous_0)
FNF:1
FNH:1
FNDA:1,(anonymous_0)
DA:1,1
DA:2,1
DA:4,1
DA:6,1
DA:7,1
DA:8,1
DA:9,0
DA:11,1
LF:8
LH:7
BRF:0
BRH:0
end_of_record
TN:
SF:utils/isValidDate.js
FN:1,(anonymous_0)
FNF:1
FNH:1
FNDA:17,(anonymous_0)
DA:1,1
DA:3,17
DA:4,17
DA:6,17
DA:7,1
DA:11,16
DA:12,16
DA:13,0
DA:17,16
DA:18,16
DA:19,16
DA:20,16
DA:23,16
DA:24,0
DA:25,0
DA:26,0
DA:34,16
LF:17
LH:13
BRDA:6,0,0,1
BRDA:6,0,1,16
BRDA:6,1,0,17
BRDA:6,1,1,1
BRDA:12,2,0,0
BRDA:12,2,1,16
BRDA:23,3,0,0
BRDA:23,3,1,16
BRDA:26,4,0,0
BRDA:26,4,1,0
BRDA:26,4,2,0
BRDA:26,4,3,0
BRDA:26,4,4,0
BRDA:34,5,0,16
BRDA:34,5,1,16
BRDA:34,5,2,16
BRF:16
BRH:9
end_of_record
TN:
SF:utils/sanitization.js
FN:3,(anonymous_0)
FN:13,(anonymous_1)
FN:22,(anonymous_2)
FNF:3
FNH:3
FNDA:23,(anonymous_0)
FNDA:161,(anonymous_1)
FNDA:5,(anonymous_2)
DA:1,1
DA:3,1
DA:4,23
DA:5,23
DA:6,23
DA:7,23
DA:8,23
DA:9,23
DA:10,23
DA:13,23
DA:14,161
DA:15,108
DA:19,23
DA:22,1
DA:23,5
DA:24,5
DA:25,5
DA:26,5
DA:29,1
LF:19
LH:19
BRDA:4,0,0,23
BRDA:4,0,1,4
BRDA:5,1,0,23
BRDA:5,1,1,18
BRDA:6,2,0,23
BRDA:6,2,1,14
BRDA:7,3,0,23
BRDA:7,3,1,21
BRDA:8,4,0,23
BRDA:8,4,1,6
BRDA:9,5,0,23
BRDA:9,5,1,22
BRDA:10,6,0,23
BRDA:10,6,1,23
BRDA:14,7,0,108
BRDA:14,7,1,53
BRF:16
BRH:16
end_of_record
TN:
SF:utils/validation.js
FN:32,(anonymous_0)
FNF:1
FNH:0
FNDA:0,(anonymous_0)
DA:1,1
DA:3,1
DA:33,0
DA:34,0
DA:36,0
DA:37,0
DA:38,0
DA:47,1
DA:64,1
LF:9
LH:4
BRDA:33,0,0,0
BRDA:33,0,1,0
BRF:2
BRH:0
end_of_record
TN:
SF:utils/welcomeHTML.js
FN:1,(anonymous_0)
FNF:1
FNH:0
FNDA:0,(anonymous_0)
DA:1,1
DA:2,0
LF:2
LH:1
BRF:0
BRH:0
end_of_record
